# JRE version: OpenJDK Runtime Environment Temurin-20.0.1+9 (20.0.1+9) (build 20.0.1+9)
# Java VM: OpenJDK 64-Bit Server VM Temurin-20.0.1+9 (20.0.1+9, mixed mode, tiered, compressed oops, compressed class ptrs, g1 gc, windows-amd64)
GC Precious Log:
 CardTable entry size: 512
 Card Set container configuration: InlinePtr #cards 5 size 8 Array Of Cards #cards 12 size 40 Howl #buckets 4 coarsen threshold 1843 Howl Bitmap #cards 512 size 80 coarsen threshold 460 Card regions per heap region 1 cards per card region 2048
 CPUs: 8 total, 8 available
 Memory: 7502M
 Large Page Support: Disabled
 NUMA Support: Disabled
 Compressed Oops: Enabled (32-bit)
 Heap Region Size: 1M
 Heap Min Capacity: 8M
 Heap Initial Capacity: 118M
 Heap Max Capacity: 1876M
 Pre-touch: Disabled
 Parallel Workers: 8
 Concurrent Workers: 2
 Concurrent Refinement Workers: 8
 Periodic GC: Disabled
Heap:
 garbage-first heap   total 96256K, used 29343K [0x000000008ac00000, 0x0000000100000000)
  region size 1024K, 5 young (5120K), 5 survivors (5120K)
 Metaspace       used 34380K, committed 34944K, reserved 1114112K
  class space    used 3390K, committed 3648K, reserved 1048576K
GC Heap History (20 events):
Event: 13690.062 GC heap after
{Heap after GC invocations=123 (full 0):
 garbage-first heap   total 92160K, used 26141K [0x000000008ac00000, 0x0000000100000000)
  region size 1024K, 3 young (3072K), 3 survivors (3072K)
 Metaspace       used 33922K, committed 34432K, reserved 1114112K
  class space    used 3330K, committed 3648K, reserved 1048576K
}
Event: 13690.085 GC heap before
{Heap before GC invocations=123 (full 0):
 garbage-first heap   total 92160K, used 27165K [0x000000008ac00000, 0x0000000100000000)
  region size 1024K, 6 young (6144K), 3 survivors (3072K)
 Metaspace       used 33924K, committed 34432K, reserved 1114112K
  class space    used 3330K, committed 3648K, reserved 1048576K
}
Event: 13690.102 GC heap after
{Heap after GC invocations=124 (full 0):
 garbage-first heap   total 92160K, used 27413K [0x000000008ac00000, 0x0000000100000000)
  region size 1024K, 4 young (4096K), 4 survivors (4096K)
 Metaspace       used 33924K, committed 34432K, reserved 1114112K
  class space    used 3330K, committed 3648K, reserved 1048576K
}
Event: 13868.408 GC heap before
{Heap before GC invocations=125 (full 0):
 garbage-first heap   total 92160K, used 65301K [0x000000008ac00000, 0x0000000100000000)
  region size 1024K, 41 young (41984K), 4 survivors (4096K)
 Metaspace       used 33925K, committed 34432K, reserved 1114112K
  class space    used 3330K, committed 3648K, reserved 1048576K
}
Event: 13868.440 GC heap after
{Heap after GC invocations=126 (full 0):
 garbage-first heap   total 167936K, used 26146K [0x000000008ac00000, 0x0000000100000000)
  region size 1024K, 2 young (2048K), 2 survivors (2048K)
 Metaspace       used 33925K, committed 34432K, reserved 1114112K
  class space    used 3330K, committed 3648K, reserved 1048576K
}
Event: 14267.044 GC heap before
{Heap before GC invocations=126 (full 0):
 garbage-first heap   total 167936K, used 119330K [0x000000008ac00000, 0x0000000100000000)
  region size 1024K, 94 young (96256K), 2 survivors (2048K)
 Metaspace       used 33931K, committed 34496K, reserved 1114112K
  class space    used 3330K, committed 3648K, reserved 1048576K
}
Event: 14267.137 GC heap after
{Heap after GC invocations=127 (full 0):
 garbage-first heap   total 167936K, used 26435K [0x000000008ac00000, 0x0000000100000000)
  region size 1024K, 3 young (3072K), 3 survivors (3072K)
 Metaspace       used 33931K, committed 34496K, reserved 1114112K
  class space    used 3330K, committed 3648K, reserved 1048576K
}
Event: 14393.954 GC heap before
{Heap before GC invocations=128 (full 0):
 garbage-first heap   total 96256K, used 80707K [0x000000008ac00000, 0x0000000100000000)
  region size 1024K, 56 young (57344K), 3 survivors (3072K)
 Metaspace       used 33935K, committed 34496K, reserved 1114112K
  class space    used 3330K, committed 3648K, reserved 1048576K
}
Event: 14393.996 GC heap after
{Heap after GC invocations=129 (full 0):
 garbage-first heap   total 96256K, used 26557K [0x000000008ac00000, 0x0000000100000000)
  region size 1024K, 3 young (3072K), 3 survivors (3072K)
 Metaspace       used 33935K, committed 34496K, reserved 1114112K
  class space    used 3330K, committed 3648K, reserved 1048576K
}
Event: 15043.561 GC heap before
{Heap before GC invocations=129 (full 0):
 garbage-first heap   total 96256K, used 77757K [0x000000008ac00000, 0x0000000100000000)
  region size 1024K, 53 young (54272K), 3 survivors (3072K)
 Metaspace       used 34258K, committed 34816K, reserved 1114112K
  class space    used 3380K, committed 3648K, reserved 1048576K
}
Event: 15043.635 GC heap after
{Heap after GC invocations=130 (full 0):
 garbage-first heap   total 96256K, used 26877K [0x000000008ac00000, 0x0000000100000000)
  region size 1024K, 3 young (3072K), 3 survivors (3072K)
 Metaspace       used 34258K, committed 34816K, reserved 1114112K
  class space    used 3380K, committed 3648K, reserved 1048576K
}
Event: 15365.826 GC heap before
{Heap before GC invocations=130 (full 0):
 garbage-first heap   total 96256K, used 49405K [0x000000008ac00000, 0x0000000100000000)
  region size 1024K, 27 young (27648K), 3 survivors (3072K)
 Metaspace       used 34263K, committed 34816K, reserved 1114112K
  class space    used 3380K, committed 3648K, reserved 1048576K
}
Event: 15365.864 GC heap after
{Heap after GC invocations=131 (full 0):
 garbage-first heap   total 96256K, used 28786K [0x000000008ac00000, 0x0000000100000000)
  region size 1024K, 5 young (5120K), 5 survivors (5120K)
 Metaspace       used 34263K, committed 34816K, reserved 1114112K
  class space    used 3380K, committed 3648K, reserved 1048576K
}
Event: 15568.947 GC heap before
{Heap before GC invocations=132 (full 0):
 garbage-first heap   total 96256K, used 81010K [0x000000008ac00000, 0x0000000100000000)
  region size 1024K, 56 young (57344K), 5 survivors (5120K)
 Metaspace       used 34317K, committed 34880K, reserved 1114112K
  class space    used 3380K, committed 3648K, reserved 1048576K
}
Event: 15569.017 GC heap after
{Heap after GC invocations=133 (full 0):
 garbage-first heap   total 96256K, used 27330K [0x000000008ac00000, 0x0000000100000000)
  region size 1024K, 3 young (3072K), 3 survivors (3072K)
 Metaspace       used 34317K, committed 34880K, reserved 1114112K
  class space    used 3380K, committed 3648K, reserved 1048576K
}
Event: 15716.581 GC heap before
{Heap before GC invocations=133 (full 0):
 garbage-first heap   total 96256K, used 45762K [0x000000008ac00000, 0x0000000100000000)
  region size 1024K, 23 young (23552K), 3 survivors (3072K)
 Metaspace       used 34322K, committed 34880K, reserved 1114112K
  class space    used 3380K, committed 3648K, reserved 1048576K
}
Event: 15716.632 GC heap after
{Heap after GC invocations=134 (full 0):
 garbage-first heap   total 96256K, used 28389K [0x000000008ac00000, 0x0000000100000000)
  region size 1024K, 4 young (4096K), 4 survivors (4096K)
 Metaspace       used 34322K, committed 34880K, reserved 1114112K
  class space    used 3380K, committed 3648K, reserved 1048576K
}
Event: 16179.146 GC heap before
{Heap before GC invocations=135 (full 0):
 garbage-first heap   total 96256K, used 55013K [0x000000008ac00000, 0x0000000100000000)
  region size 1024K, 31 young (31744K), 4 survivors (4096K)
 Metaspace       used 34325K, committed 34880K, reserved 1114112K
  class space    used 3380K, committed 3648K, reserved 1048576K
}
Event: 16179.208 GC heap after
{Heap after GC invocations=136 (full 0):
 garbage-first heap   total 96256K, used 28984K [0x000000008ac00000, 0x0000000100000000)
  region size 1024K, 5 young (5120K), 5 survivors (5120K)
 Metaspace       used 34325K, committed 34880K, reserved 1114112K
  class space    used 3380K, committed 3648K, reserved 1048576K
}
Event: 16696.227 GC heap before
{Heap before GC invocations=137 (full 0):
 garbage-first heap   total 96256K, used 66872K [0x000000008ac00000, 0x0000000100000000)
  region size 1024K, 43 young (44032K), 5 survivors (5120K)
 Metaspace       used 34380K, committed 34944K, reserved 1114112K
  class space    used 3390K, committed 3648K, reserved 1048576K
}

