<?xml version="1.0" encoding="UTF-8"?>
<!-- Generated by org.testng.reporters.JUnitXMLReporter -->
<testsuite ignored="0" hostname="EQANIM06" failures="119" tests="436" name="Test1604" time="33443.793" errors="0" timestamp="2024-04-16T05:16:51 IST">
  <testcase classname="testClasses.Test_ReportCaliforniaSingleauction" name="createEventForCaliforniaJurisdiction" time="60.659">
    <skipped/>
  </testcase> <!-- createEventForCaliforniaJurisdiction -->
  <testcase classname="testClasses.Test_ReportCaliforniaSingleauction" name="createEventForCaliforniaJurisdiction" time="57.197">
    <skipped/>
  </testcase> <!-- createEventForCaliforniaJurisdiction -->
  <testcase classname="testClasses.Test_ReportCaliforniaSingleauction" name="createEventForCaliforniaJurisdiction" time="61.595">
    <failure type="org.openqa.selenium.TimeoutException" message="Expected condition failed: waiting for element to be clickable: By.xpath: (//*[@title=&amp;apos;Go to details of Event R2.4_EQA_R319_SBMA Prescribed_16_04_24&amp;apos;])[1] (tried for 30 second(s) with 500 milliseconds interval)
Build info: version: &amp;apos;4.18.1&amp;apos;, revision: &amp;apos;b1d3319b48&amp;apos;
System info: os.name: &amp;apos;Windows 11&amp;apos;, os.arch: &amp;apos;amd64&amp;apos;, os.version: &amp;apos;10.0&amp;apos;, java.version: &amp;apos;17.0.7&amp;apos;
Driver info: org.openqa.selenium.chrome.ChromeDriver
Capabilities {acceptInsecureCerts: false, browserName: chrome, browserVersion: 123.0.6312.107, chrome: {chromedriverVersion: 123.0.6312.122 (31f8248cdd9..., userDataDir: C:\Users\ROHIDA~1\AppData\L...}, fedcm:accounts: true, goog:chromeOptions: {debuggerAddress: localhost:64839}, networkConnectionEnabled: false, pageLoadStrategy: normal, platformName: windows, proxy: Proxy(), se:cdp: ws://localhost:64839/devtoo..., se:cdpVersion: 123.0.6312.107, setWindowRect: true, strictFileInteractability: false, timeouts: {implicit: 0, pageLoad: 300000, script: 30000}, unhandledPromptBehavior: dismiss and notify, webauthn:extension:credBlob: true, webauthn:extension:largeBlob: true, webauthn:extension:minPinLength: true, webauthn:extension:prf: true, webauthn:virtualAuthenticators: true}
Session ID: a7643378ddd94990038ef0abb6e16bf7">
      <![CDATA[org.openqa.selenium.TimeoutException: Expected condition failed: waiting for element to be clickable: By.xpath: (//*[@title='Go to details of Event R2.4_EQA_R319_SBMA Prescribed_16_04_24'])[1] (tried for 30 second(s) with 500 milliseconds interval)
Build info: version: '4.18.1', revision: 'b1d3319b48'
System info: os.name: 'Windows 11', os.arch: 'amd64', os.version: '10.0', java.version: '17.0.7'
Driver info: org.openqa.selenium.chrome.ChromeDriver
Capabilities {acceptInsecureCerts: false, browserName: chrome, browserVersion: 123.0.6312.107, chrome: {chromedriverVersion: 123.0.6312.122 (31f8248cdd9..., userDataDir: C:\Users\ROHIDA~1\AppData\L...}, fedcm:accounts: true, goog:chromeOptions: {debuggerAddress: localhost:64839}, networkConnectionEnabled: false, pageLoadStrategy: normal, platformName: windows, proxy: Proxy(), se:cdp: ws://localhost:64839/devtoo..., se:cdpVersion: 123.0.6312.107, setWindowRect: true, strictFileInteractability: false, timeouts: {implicit: 0, pageLoad: 300000, script: 30000}, unhandledPromptBehavior: dismiss and notify, webauthn:extension:credBlob: true, webauthn:extension:largeBlob: true, webauthn:extension:minPinLength: true, webauthn:extension:prf: true, webauthn:virtualAuthenticators: true}
Session ID: a7643378ddd94990038ef0abb6e16bf7
at org.openqa.selenium.support.ui.WebDriverWait.timeoutException(WebDriverWait.java:84)
at org.openqa.selenium.support.ui.FluentWait.until(FluentWait.java:228)
at pageObjects.POM_ApprovalStatus.firstApproval(POM_ApprovalStatus.java:288)
at testClasses.Test_ReportCaliforniaSingleauction.createEventForCaliforniaJurisdiction(Test_ReportCaliforniaSingleauction.java:46)
at java.base/java.util.ArrayList.forEach(ArrayList.java:1511)
... Removed 27 stack frames]]>
    </failure>
  </testcase> <!-- createEventForCaliforniaJurisdiction -->
  <testcase classname="testClasses.Test_ReportCaliforniaSingleauction" name="setApprovalForEventCreation" time="62.231">
    <skipped/>
  </testcase> <!-- setApprovalForEventCreation -->
  <testcase classname="testClasses.Test_ReportCaliforniaSingleauction" name="setApprovalForEventCreation" time="55.164">
    <skipped/>
  </testcase> <!-- setApprovalForEventCreation -->
  <testcase classname="testClasses.Test_ReportCaliforniaSingleauction" name="setApprovalForEventCreation" time="57.853">
    <failure type="org.openqa.selenium.NoSuchElementException" message="no such element: Unable to locate element: {&amp;quot;method&amp;quot;:&amp;quot;xpath&amp;quot;,&amp;quot;selector&amp;quot;:&amp;quot;//button[@title=&amp;apos;APPROVE&amp;apos;]&amp;quot;}
  (Session info: chrome=123.0.6312.107)
For documentation on this error, please visit: https://www.selenium.dev/documentation/webdriver/troubleshooting/errors#no-such-element-exception
Build info: version: &amp;apos;4.18.1&amp;apos;, revision: &amp;apos;b1d3319b48&amp;apos;
System info: os.name: &amp;apos;Windows 11&amp;apos;, os.arch: &amp;apos;amd64&amp;apos;, os.version: &amp;apos;10.0&amp;apos;, java.version: &amp;apos;17.0.7&amp;apos;
Driver info: org.openqa.selenium.chrome.ChromeDriver
Command: [0d5cd1c2065cc0b5ceb42b652660adda, findElement {using=xpath, value=//button[@title=&amp;apos;APPROVE&amp;apos;]}]
Capabilities {acceptInsecureCerts: false, browserName: chrome, browserVersion: 123.0.6312.107, chrome: {chromedriverVersion: 123.0.6312.122 (31f8248cdd9..., userDataDir: C:\Users\ROHIDA~1\AppData\L...}, fedcm:accounts: true, goog:chromeOptions: {debuggerAddress: localhost:64954}, networkConnectionEnabled: false, pageLoadStrategy: normal, platformName: windows, proxy: Proxy(), se:cdp: ws://localhost:64954/devtoo..., se:cdpVersion: 123.0.6312.107, setWindowRect: true, strictFileInteractability: false, timeouts: {implicit: 0, pageLoad: 300000, script: 30000}, unhandledPromptBehavior: dismiss and notify, webauthn:extension:credBlob: true, webauthn:extension:largeBlob: true, webauthn:extension:minPinLength: true, webauthn:extension:prf: true, webauthn:virtualAuthenticators: true}
Session ID: 0d5cd1c2065cc0b5ceb42b652660adda">
      <![CDATA[org.openqa.selenium.NoSuchElementException: no such element: Unable to locate element: {"method":"xpath","selector":"//button[@title='APPROVE']"}
  (Session info: chrome=123.0.6312.107)
For documentation on this error, please visit: https://www.selenium.dev/documentation/webdriver/troubleshooting/errors#no-such-element-exception
Build info: version: '4.18.1', revision: 'b1d3319b48'
System info: os.name: 'Windows 11', os.arch: 'amd64', os.version: '10.0', java.version: '17.0.7'
Driver info: org.openqa.selenium.chrome.ChromeDriver
Command: [0d5cd1c2065cc0b5ceb42b652660adda, findElement {using=xpath, value=//button[@title='APPROVE']}]
Capabilities {acceptInsecureCerts: false, browserName: chrome, browserVersion: 123.0.6312.107, chrome: {chromedriverVersion: 123.0.6312.122 (31f8248cdd9..., userDataDir: C:\Users\ROHIDA~1\AppData\L...}, fedcm:accounts: true, goog:chromeOptions: {debuggerAddress: localhost:64954}, networkConnectionEnabled: false, pageLoadStrategy: normal, platformName: windows, proxy: Proxy(), se:cdp: ws://localhost:64954/devtoo..., se:cdpVersion: 123.0.6312.107, setWindowRect: true, strictFileInteractability: false, timeouts: {implicit: 0, pageLoad: 300000, script: 30000}, unhandledPromptBehavior: dismiss and notify, webauthn:extension:credBlob: true, webauthn:extension:largeBlob: true, webauthn:extension:minPinLength: true, webauthn:extension:prf: true, webauthn:virtualAuthenticators: true}
Session ID: 0d5cd1c2065cc0b5ceb42b652660adda
at org.openqa.selenium.remote.ErrorCodec.decode(ErrorCodec.java:167)
at org.openqa.selenium.remote.codec.w3c.W3CHttpResponseCodec.decode(W3CHttpResponseCodec.java:138)
at org.openqa.selenium.remote.codec.w3c.W3CHttpResponseCodec.decode(W3CHttpResponseCodec.java:50)
at org.openqa.selenium.remote.HttpCommandExecutor.execute(HttpCommandExecutor.java:190)
at org.openqa.selenium.remote.service.DriverCommandExecutor.invokeExecute(DriverCommandExecutor.java:216)
at org.openqa.selenium.remote.service.DriverCommandExecutor.execute(DriverCommandExecutor.java:174)
at org.openqa.selenium.remote.RemoteWebDriver.execute(RemoteWebDriver.java:519)
at org.openqa.selenium.remote.ElementLocation$ElementFinder$2.findElement(ElementLocation.java:165)
at org.openqa.selenium.remote.ElementLocation.findElement(ElementLocation.java:59)
at org.openqa.selenium.remote.RemoteWebDriver.findElement(RemoteWebDriver.java:356)
at org.openqa.selenium.remote.RemoteWebDriver.findElement(RemoteWebDriver.java:350)
at org.openqa.selenium.support.pagefactory.DefaultElementLocator.findElement(DefaultElementLocator.java:68)
at org.openqa.selenium.support.pagefactory.internal.LocatingElementHandler.invoke(LocatingElementHandler.java:38)
at jdk.proxy2/jdk.proxy2.$Proxy14.click(Unknown Source)
at pageObjects.POM_ApprovalStatus.secondApprovalCA(POM_ApprovalStatus.java:722)
at testClasses.Test_ReportCaliforniaSingleauction.setApprovalForEventCreation(Test_ReportCaliforniaSingleauction.java:60)
at java.base/java.util.ArrayList.forEach(ArrayList.java:1511)
... Removed 32 stack frames]]>
    </failure>
  </testcase> <!-- setApprovalForEventCreation -->
  <testcase classname="testClasses.Test_ReportCaliforniaSingleauction" name="executeApi" time="70.866"/>
  <testcase classname="testClasses.Test_ReportCaliforniaSingleauction" name="uploadHLAndPL" time="9.511">
    <skipped/>
  </testcase> <!-- uploadHLAndPL -->
  <testcase classname="testClasses.Test_ReportCaliforniaSingleauction" name="uploadHLAndPL" time="6.513">
    <skipped/>
  </testcase> <!-- uploadHLAndPL -->
  <testcase classname="testClasses.Test_ReportCaliforniaSingleauction" name="uploadHLAndPL" time="7.055">
    <failure type="java.lang.ClassNotFoundException" message="com.mysql.cj.jdbc.Driver">
      <![CDATA[java.lang.ClassNotFoundException: com.mysql.cj.jdbc.Driver
at java.base/jdk.internal.loader.BuiltinClassLoader.loadClass(BuiltinClassLoader.java:641)
at java.base/jdk.internal.loader.ClassLoaders$AppClassLoader.loadClass(ClassLoaders.java:188)
at java.base/java.lang.ClassLoader.loadClass(ClassLoader.java:520)
at java.base/java.lang.Class.forName0(Native Method)
at java.base/java.lang.Class.forName(Class.java:375)
at dbConnection.DataBAseQueriesMethod.setConnection(DataBAseQueriesMethod.java:551)
at testClasses.Test_ReportCaliforniaSingleauction.uploadHLAndPL(Test_ReportCaliforniaSingleauction.java:82)
at java.base/java.util.ArrayList.forEach(ArrayList.java:1511)
... Removed 27 stack frames]]>
    </failure>
  </testcase> <!-- uploadHLAndPL -->
  <testcase classname="testClasses.Test_ReportCaliforniaSingleauction" name="raisebidforFirstEntity" time="86.143">
    <skipped/>
  </testcase> <!-- raisebidforFirstEntity -->
  <testcase classname="testClasses.Test_ReportCaliforniaSingleauction" name="raisebidforFirstEntity" time="82.573">
    <skipped/>
  </testcase> <!-- raisebidforFirstEntity -->
  <testcase classname="testClasses.Test_ReportCaliforniaSingleauction" name="raisebidforFirstEntity" time="80.548">
    <failure type="org.openqa.selenium.TimeoutException" message="Expected condition failed: waiting for element to be clickable: By.xpath: //*[text()=&amp;apos;R2.4_Single_AuctionCATestEvent_16_04_24&amp;apos;] (tried for 30 second(s) with 500 milliseconds interval)
Build info: version: &amp;apos;4.18.1&amp;apos;, revision: &amp;apos;b1d3319b48&amp;apos;
System info: os.name: &amp;apos;Windows 11&amp;apos;, os.arch: &amp;apos;amd64&amp;apos;, os.version: &amp;apos;10.0&amp;apos;, java.version: &amp;apos;17.0.7&amp;apos;
Driver info: org.openqa.selenium.chrome.ChromeDriver
Capabilities {acceptInsecureCerts: false, browserName: chrome, browserVersion: 123.0.6312.107, chrome: {chromedriverVersion: 123.0.6312.122 (31f8248cdd9..., userDataDir: C:\Users\ROHIDA~1\AppData\L...}, fedcm:accounts: true, goog:chromeOptions: {debuggerAddress: localhost:65218}, networkConnectionEnabled: false, pageLoadStrategy: normal, platformName: windows, proxy: Proxy(), se:cdp: ws://localhost:65218/devtoo..., se:cdpVersion: 123.0.6312.107, setWindowRect: true, strictFileInteractability: false, timeouts: {implicit: 0, pageLoad: 300000, script: 30000}, unhandledPromptBehavior: dismiss and notify, webauthn:extension:credBlob: true, webauthn:extension:largeBlob: true, webauthn:extension:minPinLength: true, webauthn:extension:prf: true, webauthn:virtualAuthenticators: true}
Session ID: 53fe0b7079c6c62921de5da3668de04f">
      <![CDATA[org.openqa.selenium.TimeoutException: Expected condition failed: waiting for element to be clickable: By.xpath: //*[text()='R2.4_Single_AuctionCATestEvent_16_04_24'] (tried for 30 second(s) with 500 milliseconds interval)
Build info: version: '4.18.1', revision: 'b1d3319b48'
System info: os.name: 'Windows 11', os.arch: 'amd64', os.version: '10.0', java.version: '17.0.7'
Driver info: org.openqa.selenium.chrome.ChromeDriver
Capabilities {acceptInsecureCerts: false, browserName: chrome, browserVersion: 123.0.6312.107, chrome: {chromedriverVersion: 123.0.6312.122 (31f8248cdd9..., userDataDir: C:\Users\ROHIDA~1\AppData\L...}, fedcm:accounts: true, goog:chromeOptions: {debuggerAddress: localhost:65218}, networkConnectionEnabled: false, pageLoadStrategy: normal, platformName: windows, proxy: Proxy(), se:cdp: ws://localhost:65218/devtoo..., se:cdpVersion: 123.0.6312.107, setWindowRect: true, strictFileInteractability: false, timeouts: {implicit: 0, pageLoad: 300000, script: 30000}, unhandledPromptBehavior: dismiss and notify, webauthn:extension:credBlob: true, webauthn:extension:largeBlob: true, webauthn:extension:minPinLength: true, webauthn:extension:prf: true, webauthn:virtualAuthenticators: true}
Session ID: 53fe0b7079c6c62921de5da3668de04f
at org.openqa.selenium.support.ui.WebDriverWait.timeoutException(WebDriverWait.java:84)
at org.openqa.selenium.support.ui.FluentWait.until(FluentWait.java:228)
at pageObjects.POM_BiddingForWAAuctionEvent.selectEventForBiddingCA(POM_BiddingForWAAuctionEvent.java:2007)
at testClasses.Test_ReportCaliforniaSingleauction.raisebidforFirstEntity(Test_ReportCaliforniaSingleauction.java:94)
at java.base/java.util.ArrayList.forEach(ArrayList.java:1511)
... Removed 27 stack frames]]>
    </failure>
  </testcase> <!-- raisebidforFirstEntity -->
  <testcase classname="testClasses.Test_ReportCaliforniaSingleauction" name="raisebidforSecondEntity" time="79.393">
    <skipped/>
  </testcase> <!-- raisebidforSecondEntity -->
  <testcase classname="testClasses.Test_ReportCaliforniaSingleauction" name="raisebidforSecondEntity" time="80.238">
    <skipped/>
  </testcase> <!-- raisebidforSecondEntity -->
  <testcase classname="testClasses.Test_ReportCaliforniaSingleauction" name="raisebidforSecondEntity" time="80.791">
    <failure type="org.openqa.selenium.TimeoutException" message="Expected condition failed: waiting for element to be clickable: By.xpath: //*[text()=&amp;apos;R2.4_Single_AuctionCATestEvent_16_04_24&amp;apos;] (tried for 30 second(s) with 500 milliseconds interval)
Build info: version: &amp;apos;4.18.1&amp;apos;, revision: &amp;apos;b1d3319b48&amp;apos;
System info: os.name: &amp;apos;Windows 11&amp;apos;, os.arch: &amp;apos;amd64&amp;apos;, os.version: &amp;apos;10.0&amp;apos;, java.version: &amp;apos;17.0.7&amp;apos;
Driver info: org.openqa.selenium.chrome.ChromeDriver
Capabilities {acceptInsecureCerts: false, browserName: chrome, browserVersion: 123.0.6312.107, chrome: {chromedriverVersion: 123.0.6312.122 (31f8248cdd9..., userDataDir: C:\Users\ROHIDA~1\AppData\L...}, fedcm:accounts: true, goog:chromeOptions: {debuggerAddress: localhost:65333}, networkConnectionEnabled: false, pageLoadStrategy: normal, platformName: windows, proxy: Proxy(), se:cdp: ws://localhost:65333/devtoo..., se:cdpVersion: 123.0.6312.107, setWindowRect: true, strictFileInteractability: false, timeouts: {implicit: 0, pageLoad: 300000, script: 30000}, unhandledPromptBehavior: dismiss and notify, webauthn:extension:credBlob: true, webauthn:extension:largeBlob: true, webauthn:extension:minPinLength: true, webauthn:extension:prf: true, webauthn:virtualAuthenticators: true}
Session ID: 61ee01b4bf33b6f943fe208f5b5ade0a">
      <![CDATA[org.openqa.selenium.TimeoutException: Expected condition failed: waiting for element to be clickable: By.xpath: //*[text()='R2.4_Single_AuctionCATestEvent_16_04_24'] (tried for 30 second(s) with 500 milliseconds interval)
Build info: version: '4.18.1', revision: 'b1d3319b48'
System info: os.name: 'Windows 11', os.arch: 'amd64', os.version: '10.0', java.version: '17.0.7'
Driver info: org.openqa.selenium.chrome.ChromeDriver
Capabilities {acceptInsecureCerts: false, browserName: chrome, browserVersion: 123.0.6312.107, chrome: {chromedriverVersion: 123.0.6312.122 (31f8248cdd9..., userDataDir: C:\Users\ROHIDA~1\AppData\L...}, fedcm:accounts: true, goog:chromeOptions: {debuggerAddress: localhost:65333}, networkConnectionEnabled: false, pageLoadStrategy: normal, platformName: windows, proxy: Proxy(), se:cdp: ws://localhost:65333/devtoo..., se:cdpVersion: 123.0.6312.107, setWindowRect: true, strictFileInteractability: false, timeouts: {implicit: 0, pageLoad: 300000, script: 30000}, unhandledPromptBehavior: dismiss and notify, webauthn:extension:credBlob: true, webauthn:extension:largeBlob: true, webauthn:extension:minPinLength: true, webauthn:extension:prf: true, webauthn:virtualAuthenticators: true}
Session ID: 61ee01b4bf33b6f943fe208f5b5ade0a
at org.openqa.selenium.support.ui.WebDriverWait.timeoutException(WebDriverWait.java:84)
at org.openqa.selenium.support.ui.FluentWait.until(FluentWait.java:228)
at pageObjects.POM_BiddingForWAAuctionEvent.selectEventForBiddingCA(POM_BiddingForWAAuctionEvent.java:2007)
at testClasses.Test_ReportCaliforniaSingleauction.raisebidforSecondEntity(Test_ReportCaliforniaSingleauction.java:117)
at java.base/java.util.ArrayList.forEach(ArrayList.java:1511)
... Removed 27 stack frames]]>
    </failure>
  </testcase> <!-- raisebidforSecondEntity -->
  <testcase classname="testClasses.Test_ReportCaliforniaSingleauction" name="raisebidforThirdEntity" time="81.518">
    <skipped/>
  </testcase> <!-- raisebidforThirdEntity -->
  <testcase classname="testClasses.Test_ReportCaliforniaSingleauction" name="raisebidforThirdEntity" time="79.669">
    <skipped/>
  </testcase> <!-- raisebidforThirdEntity -->
  <testcase classname="testClasses.Test_ReportCaliforniaSingleauction" name="raisebidforThirdEntity" time="78.592">
    <failure type="org.openqa.selenium.TimeoutException" message="Expected condition failed: waiting for element to be clickable: By.xpath: //*[text()=&amp;apos;R2.4_Single_AuctionCATestEvent_16_04_24&amp;apos;] (tried for 30 second(s) with 500 milliseconds interval)
Build info: version: &amp;apos;4.18.1&amp;apos;, revision: &amp;apos;b1d3319b48&amp;apos;
System info: os.name: &amp;apos;Windows 11&amp;apos;, os.arch: &amp;apos;amd64&amp;apos;, os.version: &amp;apos;10.0&amp;apos;, java.version: &amp;apos;17.0.7&amp;apos;
Driver info: org.openqa.selenium.chrome.ChromeDriver
Capabilities {acceptInsecureCerts: false, browserName: chrome, browserVersion: 123.0.6312.107, chrome: {chromedriverVersion: 123.0.6312.122 (31f8248cdd9..., userDataDir: C:\Users\ROHIDA~1\AppData\L...}, fedcm:accounts: true, goog:chromeOptions: {debuggerAddress: localhost:65452}, networkConnectionEnabled: false, pageLoadStrategy: normal, platformName: windows, proxy: Proxy(), se:cdp: ws://localhost:65452/devtoo..., se:cdpVersion: 123.0.6312.107, setWindowRect: true, strictFileInteractability: false, timeouts: {implicit: 0, pageLoad: 300000, script: 30000}, unhandledPromptBehavior: dismiss and notify, webauthn:extension:credBlob: true, webauthn:extension:largeBlob: true, webauthn:extension:minPinLength: true, webauthn:extension:prf: true, webauthn:virtualAuthenticators: true}
Session ID: 176a88e2597e669eaf5283d92e8aabcf">
      <![CDATA[org.openqa.selenium.TimeoutException: Expected condition failed: waiting for element to be clickable: By.xpath: //*[text()='R2.4_Single_AuctionCATestEvent_16_04_24'] (tried for 30 second(s) with 500 milliseconds interval)
Build info: version: '4.18.1', revision: 'b1d3319b48'
System info: os.name: 'Windows 11', os.arch: 'amd64', os.version: '10.0', java.version: '17.0.7'
Driver info: org.openqa.selenium.chrome.ChromeDriver
Capabilities {acceptInsecureCerts: false, browserName: chrome, browserVersion: 123.0.6312.107, chrome: {chromedriverVersion: 123.0.6312.122 (31f8248cdd9..., userDataDir: C:\Users\ROHIDA~1\AppData\L...}, fedcm:accounts: true, goog:chromeOptions: {debuggerAddress: localhost:65452}, networkConnectionEnabled: false, pageLoadStrategy: normal, platformName: windows, proxy: Proxy(), se:cdp: ws://localhost:65452/devtoo..., se:cdpVersion: 123.0.6312.107, setWindowRect: true, strictFileInteractability: false, timeouts: {implicit: 0, pageLoad: 300000, script: 30000}, unhandledPromptBehavior: dismiss and notify, webauthn:extension:credBlob: true, webauthn:extension:largeBlob: true, webauthn:extension:minPinLength: true, webauthn:extension:prf: true, webauthn:virtualAuthenticators: true}
Session ID: 176a88e2597e669eaf5283d92e8aabcf
at org.openqa.selenium.support.ui.WebDriverWait.timeoutException(WebDriverWait.java:84)
at org.openqa.selenium.support.ui.FluentWait.until(FluentWait.java:228)
at pageObjects.POM_BiddingForWAAuctionEvent.selectEventForBiddingCA(POM_BiddingForWAAuctionEvent.java:2007)
at testClasses.Test_ReportCaliforniaSingleauction.raisebidforThirdEntity(Test_ReportCaliforniaSingleauction.java:140)
at java.base/java.util.ArrayList.forEach(ArrayList.java:1511)
... Removed 27 stack frames]]>
    </failure>
  </testcase> <!-- raisebidforThirdEntity -->
  <testcase classname="testClasses.Test_ReportCaliforniaSingleauction" name="raisebidforFourthEntity" time="80.849">
    <skipped/>
  </testcase> <!-- raisebidforFourthEntity -->
  <testcase classname="testClasses.Test_ReportCaliforniaSingleauction" name="raisebidforFourthEntity" time="82.318">
    <skipped/>
  </testcase> <!-- raisebidforFourthEntity -->
  <testcase classname="testClasses.Test_ReportCaliforniaSingleauction" name="raisebidforFourthEntity" time="79.417">
    <failure type="org.openqa.selenium.TimeoutException" message="Expected condition failed: waiting for element to be clickable: By.xpath: //*[text()=&amp;apos;R2.4_Single_AuctionCATestEvent_16_04_24&amp;apos;] (tried for 30 second(s) with 500 milliseconds interval)
Build info: version: &amp;apos;4.18.1&amp;apos;, revision: &amp;apos;b1d3319b48&amp;apos;
System info: os.name: &amp;apos;Windows 11&amp;apos;, os.arch: &amp;apos;amd64&amp;apos;, os.version: &amp;apos;10.0&amp;apos;, java.version: &amp;apos;17.0.7&amp;apos;
Driver info: org.openqa.selenium.chrome.ChromeDriver
Capabilities {acceptInsecureCerts: false, browserName: chrome, browserVersion: 123.0.6312.107, chrome: {chromedriverVersion: 123.0.6312.122 (31f8248cdd9..., userDataDir: C:\Users\ROHIDA~1\AppData\L...}, fedcm:accounts: true, goog:chromeOptions: {debuggerAddress: localhost:49207}, networkConnectionEnabled: false, pageLoadStrategy: normal, platformName: windows, proxy: Proxy(), se:cdp: ws://localhost:49207/devtoo..., se:cdpVersion: 123.0.6312.107, setWindowRect: true, strictFileInteractability: false, timeouts: {implicit: 0, pageLoad: 300000, script: 30000}, unhandledPromptBehavior: dismiss and notify, webauthn:extension:credBlob: true, webauthn:extension:largeBlob: true, webauthn:extension:minPinLength: true, webauthn:extension:prf: true, webauthn:virtualAuthenticators: true}
Session ID: a1c96d6f8d050d89aa236a42b5432246">
      <![CDATA[org.openqa.selenium.TimeoutException: Expected condition failed: waiting for element to be clickable: By.xpath: //*[text()='R2.4_Single_AuctionCATestEvent_16_04_24'] (tried for 30 second(s) with 500 milliseconds interval)
Build info: version: '4.18.1', revision: 'b1d3319b48'
System info: os.name: 'Windows 11', os.arch: 'amd64', os.version: '10.0', java.version: '17.0.7'
Driver info: org.openqa.selenium.chrome.ChromeDriver
Capabilities {acceptInsecureCerts: false, browserName: chrome, browserVersion: 123.0.6312.107, chrome: {chromedriverVersion: 123.0.6312.122 (31f8248cdd9..., userDataDir: C:\Users\ROHIDA~1\AppData\L...}, fedcm:accounts: true, goog:chromeOptions: {debuggerAddress: localhost:49207}, networkConnectionEnabled: false, pageLoadStrategy: normal, platformName: windows, proxy: Proxy(), se:cdp: ws://localhost:49207/devtoo..., se:cdpVersion: 123.0.6312.107, setWindowRect: true, strictFileInteractability: false, timeouts: {implicit: 0, pageLoad: 300000, script: 30000}, unhandledPromptBehavior: dismiss and notify, webauthn:extension:credBlob: true, webauthn:extension:largeBlob: true, webauthn:extension:minPinLength: true, webauthn:extension:prf: true, webauthn:virtualAuthenticators: true}
Session ID: a1c96d6f8d050d89aa236a42b5432246
at org.openqa.selenium.support.ui.WebDriverWait.timeoutException(WebDriverWait.java:84)
at org.openqa.selenium.support.ui.FluentWait.until(FluentWait.java:228)
at pageObjects.POM_BiddingForWAAuctionEvent.selectEventForBiddingCA(POM_BiddingForWAAuctionEvent.java:2007)
at testClasses.Test_ReportCaliforniaSingleauction.raisebidforFourthEntity(Test_ReportCaliforniaSingleauction.java:163)
at java.base/java.util.ArrayList.forEach(ArrayList.java:1511)
... Removed 27 stack frames]]>
    </failure>
  </testcase> <!-- raisebidforFourthEntity -->
  <testcase classname="testClasses.Test_ReportCaliforniaSingleauction" name="raisebidforFifthEntity" time="78.359">
    <skipped/>
  </testcase> <!-- raisebidforFifthEntity -->
  <testcase classname="testClasses.Test_ReportCaliforniaSingleauction" name="raisebidforFifthEntity" time="14.271">
    <skipped/>
  </testcase> <!-- raisebidforFifthEntity -->
  <testcase classname="testClasses.Test_ReportCaliforniaSingleauction" name="raisebidforFifthEntity" time="80.059">
    <failure type="org.openqa.selenium.TimeoutException" message="Expected condition failed: waiting for element to be clickable: By.xpath: //*[text()=&amp;apos;R2.4_Single_AuctionCATestEvent_16_04_24&amp;apos;] (tried for 30 second(s) with 500 milliseconds interval)
Build info: version: &amp;apos;4.18.1&amp;apos;, revision: &amp;apos;b1d3319b48&amp;apos;
System info: os.name: &amp;apos;Windows 11&amp;apos;, os.arch: &amp;apos;amd64&amp;apos;, os.version: &amp;apos;10.0&amp;apos;, java.version: &amp;apos;17.0.7&amp;apos;
Driver info: org.openqa.selenium.chrome.ChromeDriver
Capabilities {acceptInsecureCerts: false, browserName: chrome, browserVersion: 123.0.6312.107, chrome: {chromedriverVersion: 123.0.6312.122 (31f8248cdd9..., userDataDir: C:\Users\ROHIDA~1\AppData\L...}, fedcm:accounts: true, goog:chromeOptions: {debuggerAddress: localhost:49338}, networkConnectionEnabled: false, pageLoadStrategy: normal, platformName: windows, proxy: Proxy(), se:cdp: ws://localhost:49338/devtoo..., se:cdpVersion: 123.0.6312.107, setWindowRect: true, strictFileInteractability: false, timeouts: {implicit: 0, pageLoad: 300000, script: 30000}, unhandledPromptBehavior: dismiss and notify, webauthn:extension:credBlob: true, webauthn:extension:largeBlob: true, webauthn:extension:minPinLength: true, webauthn:extension:prf: true, webauthn:virtualAuthenticators: true}
Session ID: 0dfabca9f4186cf74d8f1c0b15fd6ff8">
      <![CDATA[org.openqa.selenium.TimeoutException: Expected condition failed: waiting for element to be clickable: By.xpath: //*[text()='R2.4_Single_AuctionCATestEvent_16_04_24'] (tried for 30 second(s) with 500 milliseconds interval)
Build info: version: '4.18.1', revision: 'b1d3319b48'
System info: os.name: 'Windows 11', os.arch: 'amd64', os.version: '10.0', java.version: '17.0.7'
Driver info: org.openqa.selenium.chrome.ChromeDriver
Capabilities {acceptInsecureCerts: false, browserName: chrome, browserVersion: 123.0.6312.107, chrome: {chromedriverVersion: 123.0.6312.122 (31f8248cdd9..., userDataDir: C:\Users\ROHIDA~1\AppData\L...}, fedcm:accounts: true, goog:chromeOptions: {debuggerAddress: localhost:49338}, networkConnectionEnabled: false, pageLoadStrategy: normal, platformName: windows, proxy: Proxy(), se:cdp: ws://localhost:49338/devtoo..., se:cdpVersion: 123.0.6312.107, setWindowRect: true, strictFileInteractability: false, timeouts: {implicit: 0, pageLoad: 300000, script: 30000}, unhandledPromptBehavior: dismiss and notify, webauthn:extension:credBlob: true, webauthn:extension:largeBlob: true, webauthn:extension:minPinLength: true, webauthn:extension:prf: true, webauthn:virtualAuthenticators: true}
Session ID: 0dfabca9f4186cf74d8f1c0b15fd6ff8
at org.openqa.selenium.support.ui.WebDriverWait.timeoutException(WebDriverWait.java:84)
at org.openqa.selenium.support.ui.FluentWait.until(FluentWait.java:228)
at pageObjects.POM_BiddingForWAAuctionEvent.selectEventForBiddingCA(POM_BiddingForWAAuctionEvent.java:2007)
at testClasses.Test_ReportCaliforniaSingleauction.raisebidforFifthEntity(Test_ReportCaliforniaSingleauction.java:186)
at java.base/java.util.ArrayList.forEach(ArrayList.java:1511)
... Removed 27 stack frames]]>
    </failure>
  </testcase> <!-- raisebidforFifthEntity -->
  <testcase classname="testClasses.Test_ReportCaliforniaSingleauction" name="closeBiddingWindowCA" time="163.596">
    <skipped/>
  </testcase> <!-- closeBiddingWindowCA -->
  <testcase classname="testClasses.Test_ReportCaliforniaSingleauction" name="closeBiddingWindowCA" time="141.642">
    <skipped/>
  </testcase> <!-- closeBiddingWindowCA -->
  <testcase classname="testClasses.Test_ReportCaliforniaSingleauction" name="closeBiddingWindowCA" time="146.126">
    <failure type="org.openqa.selenium.TimeoutException" message="Expected condition failed: waiting for visibility of Proxy element for: DefaultElementLocator &amp;apos;By.xpath: //*[text()=&amp;apos;The approval of the event creation has been proposed by the first sponsor.&amp;apos;]&amp;apos; (tried for 30 second(s) with 500 milliseconds interval)">
      <![CDATA[org.openqa.selenium.TimeoutException: Expected condition failed: waiting for visibility of Proxy element for: DefaultElementLocator 'By.xpath: //*[text()='The approval of the event creation has been proposed by the first sponsor.']' (tried for 30 second(s) with 500 milliseconds interval)
at org.openqa.selenium.support.ui.WebDriverWait.timeoutException(WebDriverWait.java:84)
at org.openqa.selenium.support.ui.FluentWait.until(FluentWait.java:228)
at pageObjects.POM_ApprovalStatus.firstApprovalCA(POM_ApprovalStatus.java:360)
at testClasses.Test_ReportCaliforniaSingleauction.closeBiddingWindowCA(Test_ReportCaliforniaSingleauction.java:215)
at java.base/java.util.ArrayList.forEach(ArrayList.java:1511)
Caused by: org.openqa.selenium.NoSuchElementException: no such element: Unable to locate element: {"method":"xpath","selector":"//*[text()='The approval of the event creation has been proposed by the first sponsor.']"}
  (Session info: chrome=123.0.6312.107)
For documentation on this error, please visit: https://www.selenium.dev/documentation/webdriver/troubleshooting/errors#no-such-element-exception
Build info: version: '4.18.1', revision: 'b1d3319b48'
System info: os.name: 'Windows 11', os.arch: 'amd64', os.version: '10.0', java.version: '17.0.7'
Driver info: org.openqa.selenium.chrome.ChromeDriver
Command: [215ce47571c7238eb4b0ca424e81fbb5, findElement {using=xpath, value=//*[text()='The approval of the event creation has been proposed by the first sponsor.']}]
Capabilities {acceptInsecureCerts: false, browserName: chrome, browserVersion: 123.0.6312.107, chrome: {chromedriverVersion: 123.0.6312.122 (31f8248cdd9..., userDataDir: C:\Users\ROHIDA~1\AppData\L...}, fedcm:accounts: true, goog:chromeOptions: {debuggerAddress: localhost:49721}, networkConnectionEnabled: false, pageLoadStrategy: normal, platformName: windows, proxy: Proxy(), se:cdp: ws://localhost:49721/devtoo..., se:cdpVersion: 123.0.6312.107, setWindowRect: true, strictFileInteractability: false, timeouts: {implicit: 0, pageLoad: 300000, script: 30000}, unhandledPromptBehavior: dismiss and notify, webauthn:extension:credBlob: true, webauthn:extension:largeBlob: true, webauthn:extension:minPinLength: true, webauthn:extension:prf: true, webauthn:virtualAuthenticators: true}
Session ID: 215ce47571c7238eb4b0ca424e81fbb5
at org.openqa.selenium.remote.ErrorCodec.decode(ErrorCodec.java:167)
at org.openqa.selenium.remote.codec.w3c.W3CHttpResponseCodec.decode(W3CHttpResponseCodec.java:138)
at org.openqa.selenium.remote.codec.w3c.W3CHttpResponseCodec.decode(W3CHttpResponseCodec.java:50)
at org.openqa.selenium.remote.HttpCommandExecutor.execute(HttpCommandExecutor.java:190)
at org.openqa.selenium.remote.service.DriverCommandExecutor.invokeExecute(DriverCommandExecutor.java:216)
at org.openqa.selenium.remote.service.DriverCommandExecutor.execute(DriverCommandExecutor.java:174)
at org.openqa.selenium.remote.RemoteWebDriver.execute(RemoteWebDriver.java:519)
at org.openqa.selenium.remote.ElementLocation$ElementFinder$2.findElement(ElementLocation.java:165)
at org.openqa.selenium.remote.ElementLocation.findElement(ElementLocation.java:59)
at org.openqa.selenium.remote.RemoteWebDriver.findElement(RemoteWebDriver.java:356)
at org.openqa.selenium.remote.RemoteWebDriver.findElement(RemoteWebDriver.java:350)
at org.openqa.selenium.support.pagefactory.DefaultElementLocator.findElement(DefaultElementLocator.java:68)
at org.openqa.selenium.support.pagefactory.internal.LocatingElementHandler.invoke(LocatingElementHandler.java:38)
at jdk.proxy2/jdk.proxy2.$Proxy14.isDisplayed(Unknown Source)
at org.openqa.selenium.support.ui.ExpectedConditions.elementIfVisible(ExpectedConditions.java:304)
at org.openqa.selenium.support.ui.ExpectedConditions$10.apply(ExpectedConditions.java:290)
at org.openqa.selenium.support.ui.ExpectedConditions$10.apply(ExpectedConditions.java:287)
at org.openqa.selenium.support.ui.FluentWait.until(FluentWait.java:203)
... 30 more
... Removed 31 stack frames]]>
    </failure>
  </testcase> <!-- closeBiddingWindowCA -->
  <testcase classname="testClasses.Test_ReportCaliforniaSingleauction" name="closeBiddingWindowCA_approval2" time="26.861">
    <skipped/>
  </testcase> <!-- closeBiddingWindowCA_approval2 -->
  <testcase classname="testClasses.Test_ReportCaliforniaSingleauction" name="closeBiddingWindowCA_approval2" time="23.948">
    <skipped/>
  </testcase> <!-- closeBiddingWindowCA_approval2 -->
  <testcase classname="testClasses.Test_ReportCaliforniaSingleauction" name="closeBiddingWindowCA_approval2" time="23.794">
    <failure type="org.openqa.selenium.ElementClickInterceptedException" message="element click intercepted: Element &amp;lt;span class=&amp;quot;MuiButton-label&amp;quot;&amp;gt;...&amp;lt;/span&amp;gt; is not clickable at point (927, 453). Other element would receive the click: &amp;lt;td class=&amp;quot;MuiTableCell-root MuiTableCell-body MuiTableCell-alignCenter&amp;quot;&amp;gt;...&amp;lt;/td&amp;gt;
  (Session info: chrome=123.0.6312.107)
Build info: version: &amp;apos;4.18.1&amp;apos;, revision: &amp;apos;b1d3319b48&amp;apos;
System info: os.name: &amp;apos;Windows 11&amp;apos;, os.arch: &amp;apos;amd64&amp;apos;, os.version: &amp;apos;10.0&amp;apos;, java.version: &amp;apos;17.0.7&amp;apos;
Driver info: org.openqa.selenium.chrome.ChromeDriver
Command: [04b1130091572170c8fdb693b40c86e3, clickElement {id=f.F6558271204C5D145D4749B94DB7CA5A.d.03092700C6ADD1CF657C06EB1B47FB54.e.138}]
Capabilities {acceptInsecureCerts: false, browserName: chrome, browserVersion: 123.0.6312.107, chrome: {chromedriverVersion: 123.0.6312.122 (31f8248cdd9..., userDataDir: C:\Users\ROHIDA~1\AppData\L...}, fedcm:accounts: true, goog:chromeOptions: {debuggerAddress: localhost:49830}, networkConnectionEnabled: false, pageLoadStrategy: normal, platformName: windows, proxy: Proxy(), se:cdp: ws://localhost:49830/devtoo..., se:cdpVersion: 123.0.6312.107, setWindowRect: true, strictFileInteractability: false, timeouts: {implicit: 0, pageLoad: 300000, script: 30000}, unhandledPromptBehavior: dismiss and notify, webauthn:extension:credBlob: true, webauthn:extension:largeBlob: true, webauthn:extension:minPinLength: true, webauthn:extension:prf: true, webauthn:virtualAuthenticators: true}
Element: [[ChromeDriver: chrome on windows (04b1130091572170c8fdb693b40c86e3)] -&amp;gt; xpath: (//span[text()=&amp;apos;SUBMIT&amp;apos;])[1]]
Session ID: 04b1130091572170c8fdb693b40c86e3">
      <![CDATA[org.openqa.selenium.ElementClickInterceptedException: element click intercepted: Element <span class="MuiButton-label">...</span> is not clickable at point (927, 453). Other element would receive the click: <td class="MuiTableCell-root MuiTableCell-body MuiTableCell-alignCenter">...</td>
  (Session info: chrome=123.0.6312.107)
Build info: version: '4.18.1', revision: 'b1d3319b48'
System info: os.name: 'Windows 11', os.arch: 'amd64', os.version: '10.0', java.version: '17.0.7'
Driver info: org.openqa.selenium.chrome.ChromeDriver
Command: [04b1130091572170c8fdb693b40c86e3, clickElement {id=f.F6558271204C5D145D4749B94DB7CA5A.d.03092700C6ADD1CF657C06EB1B47FB54.e.138}]
Capabilities {acceptInsecureCerts: false, browserName: chrome, browserVersion: 123.0.6312.107, chrome: {chromedriverVersion: 123.0.6312.122 (31f8248cdd9..., userDataDir: C:\Users\ROHIDA~1\AppData\L...}, fedcm:accounts: true, goog:chromeOptions: {debuggerAddress: localhost:49830}, networkConnectionEnabled: false, pageLoadStrategy: normal, platformName: windows, proxy: Proxy(), se:cdp: ws://localhost:49830/devtoo..., se:cdpVersion: 123.0.6312.107, setWindowRect: true, strictFileInteractability: false, timeouts: {implicit: 0, pageLoad: 300000, script: 30000}, unhandledPromptBehavior: dismiss and notify, webauthn:extension:credBlob: true, webauthn:extension:largeBlob: true, webauthn:extension:minPinLength: true, webauthn:extension:prf: true, webauthn:virtualAuthenticators: true}
Element: [[ChromeDriver: chrome on windows (04b1130091572170c8fdb693b40c86e3)] -> xpath: (//span[text()='SUBMIT'])[1]]
Session ID: 04b1130091572170c8fdb693b40c86e3
at org.openqa.selenium.remote.ErrorCodec.decode(ErrorCodec.java:167)
at org.openqa.selenium.remote.codec.w3c.W3CHttpResponseCodec.decode(W3CHttpResponseCodec.java:138)
at org.openqa.selenium.remote.codec.w3c.W3CHttpResponseCodec.decode(W3CHttpResponseCodec.java:50)
at org.openqa.selenium.remote.HttpCommandExecutor.execute(HttpCommandExecutor.java:190)
at org.openqa.selenium.remote.service.DriverCommandExecutor.invokeExecute(DriverCommandExecutor.java:216)
at org.openqa.selenium.remote.service.DriverCommandExecutor.execute(DriverCommandExecutor.java:174)
at org.openqa.selenium.remote.RemoteWebDriver.execute(RemoteWebDriver.java:519)
at org.openqa.selenium.remote.RemoteWebElement.execute(RemoteWebElement.java:223)
at org.openqa.selenium.remote.RemoteWebElement.click(RemoteWebElement.java:76)
at org.openqa.selenium.support.pagefactory.internal.LocatingElementHandler.invoke(LocatingElementHandler.java:51)
at jdk.proxy2/jdk.proxy2.$Proxy14.click(Unknown Source)
at pageObjects.POM_ApprovalStatus.SecondApprovalBySameJurisdictionCA_Single_Auction(POM_ApprovalStatus.java:562)
at testClasses.Test_ReportCaliforniaSingleauction.closeBiddingWindowCA_approval2(Test_ReportCaliforniaSingleauction.java:230)
at java.base/java.util.ArrayList.forEach(ArrayList.java:1511)
... Removed 35 stack frames]]>
    </failure>
  </testcase> <!-- closeBiddingWindowCA_approval2 -->
  <testcase classname="testClasses.Test_ReportCaliforniaSingleauction" name="runAlgorithm" time="30.151">
    <skipped/>
  </testcase> <!-- runAlgorithm -->
  <testcase classname="testClasses.Test_ReportCaliforniaSingleauction" name="runAlgorithm" time="31.736">
    <skipped/>
  </testcase> <!-- runAlgorithm -->
  <testcase classname="testClasses.Test_ReportCaliforniaSingleauction" name="runAlgorithm" time="31.628">
    <failure type="org.openqa.selenium.ElementClickInterceptedException" message="element click intercepted: Element &amp;lt;span class=&amp;quot;MuiButton-label&amp;quot;&amp;gt;...&amp;lt;/span&amp;gt; is not clickable at point (931, 522). Other element would receive the click: &amp;lt;div&amp;gt;...&amp;lt;/div&amp;gt;
  (Session info: chrome=123.0.6312.107)
Build info: version: &amp;apos;4.18.1&amp;apos;, revision: &amp;apos;b1d3319b48&amp;apos;
System info: os.name: &amp;apos;Windows 11&amp;apos;, os.arch: &amp;apos;amd64&amp;apos;, os.version: &amp;apos;10.0&amp;apos;, java.version: &amp;apos;17.0.7&amp;apos;
Driver info: org.openqa.selenium.chrome.ChromeDriver
Command: [e384eb880fec4788f0496b5b61ae35bc, clickElement {id=f.9C132B0C46244998AE46BCDBFB498D4A.d.CC93601CF255F1E2109FAEC01175B653.e.151}]
Capabilities {acceptInsecureCerts: false, browserName: chrome, browserVersion: 123.0.6312.107, chrome: {chromedriverVersion: 123.0.6312.122 (31f8248cdd9..., userDataDir: C:\Users\ROHIDA~1\AppData\L...}, fedcm:accounts: true, goog:chromeOptions: {debuggerAddress: localhost:49939}, networkConnectionEnabled: false, pageLoadStrategy: normal, platformName: windows, proxy: Proxy(), se:cdp: ws://localhost:49939/devtoo..., se:cdpVersion: 123.0.6312.107, setWindowRect: true, strictFileInteractability: false, timeouts: {implicit: 0, pageLoad: 300000, script: 30000}, unhandledPromptBehavior: dismiss and notify, webauthn:extension:credBlob: true, webauthn:extension:largeBlob: true, webauthn:extension:minPinLength: true, webauthn:extension:prf: true, webauthn:virtualAuthenticators: true}
Element: [[ChromeDriver: chrome on windows (e384eb880fec4788f0496b5b61ae35bc)] -&amp;gt; xpath: (//*[text()=&amp;apos;RUN ALGORITHM&amp;apos;])[2]]
Session ID: e384eb880fec4788f0496b5b61ae35bc">
      <![CDATA[org.openqa.selenium.ElementClickInterceptedException: element click intercepted: Element <span class="MuiButton-label">...</span> is not clickable at point (931, 522). Other element would receive the click: <div>...</div>
  (Session info: chrome=123.0.6312.107)
Build info: version: '4.18.1', revision: 'b1d3319b48'
System info: os.name: 'Windows 11', os.arch: 'amd64', os.version: '10.0', java.version: '17.0.7'
Driver info: org.openqa.selenium.chrome.ChromeDriver
Command: [e384eb880fec4788f0496b5b61ae35bc, clickElement {id=f.9C132B0C46244998AE46BCDBFB498D4A.d.CC93601CF255F1E2109FAEC01175B653.e.151}]
Capabilities {acceptInsecureCerts: false, browserName: chrome, browserVersion: 123.0.6312.107, chrome: {chromedriverVersion: 123.0.6312.122 (31f8248cdd9..., userDataDir: C:\Users\ROHIDA~1\AppData\L...}, fedcm:accounts: true, goog:chromeOptions: {debuggerAddress: localhost:49939}, networkConnectionEnabled: false, pageLoadStrategy: normal, platformName: windows, proxy: Proxy(), se:cdp: ws://localhost:49939/devtoo..., se:cdpVersion: 123.0.6312.107, setWindowRect: true, strictFileInteractability: false, timeouts: {implicit: 0, pageLoad: 300000, script: 30000}, unhandledPromptBehavior: dismiss and notify, webauthn:extension:credBlob: true, webauthn:extension:largeBlob: true, webauthn:extension:minPinLength: true, webauthn:extension:prf: true, webauthn:virtualAuthenticators: true}
Element: [[ChromeDriver: chrome on windows (e384eb880fec4788f0496b5b61ae35bc)] -> xpath: (//*[text()='RUN ALGORITHM'])[2]]
Session ID: e384eb880fec4788f0496b5b61ae35bc
at org.openqa.selenium.remote.ErrorCodec.decode(ErrorCodec.java:167)
at org.openqa.selenium.remote.codec.w3c.W3CHttpResponseCodec.decode(W3CHttpResponseCodec.java:138)
at org.openqa.selenium.remote.codec.w3c.W3CHttpResponseCodec.decode(W3CHttpResponseCodec.java:50)
at org.openqa.selenium.remote.HttpCommandExecutor.execute(HttpCommandExecutor.java:190)
at org.openqa.selenium.remote.service.DriverCommandExecutor.invokeExecute(DriverCommandExecutor.java:216)
at org.openqa.selenium.remote.service.DriverCommandExecutor.execute(DriverCommandExecutor.java:174)
at org.openqa.selenium.remote.RemoteWebDriver.execute(RemoteWebDriver.java:519)
at org.openqa.selenium.remote.RemoteWebElement.execute(RemoteWebElement.java:223)
at org.openqa.selenium.remote.RemoteWebElement.click(RemoteWebElement.java:76)
at org.openqa.selenium.support.pagefactory.internal.LocatingElementHandler.invoke(LocatingElementHandler.java:51)
at jdk.proxy2/jdk.proxy2.$Proxy14.click(Unknown Source)
at pageObjects.CreateEvent.runAlgorithmWA(CreateEvent.java:1261)
at testClasses.Test_ReportCaliforniaSingleauction.runAlgorithm(Test_ReportCaliforniaSingleauction.java:247)
at java.base/java.util.ArrayList.forEach(ArrayList.java:1511)
... Removed 35 stack frames]]>
    </failure>
  </testcase> <!-- runAlgorithm -->
  <testcase classname="testClasses.Test_ReportCaliforniaSingleauction" name="runAlgorithm2" time="30.974">
    <skipped/>
  </testcase> <!-- runAlgorithm2 -->
  <testcase classname="testClasses.Test_ReportCaliforniaSingleauction" name="runAlgorithm2" time="31.347">
    <skipped/>
  </testcase> <!-- runAlgorithm2 -->
  <testcase classname="testClasses.Test_ReportCaliforniaSingleauction" name="runAlgorithm2" time="32.742">
    <failure type="org.openqa.selenium.ElementClickInterceptedException" message="element click intercepted: Element &amp;lt;span class=&amp;quot;MuiButton-label&amp;quot;&amp;gt;...&amp;lt;/span&amp;gt; is not clickable at point (931, 522). Other element would receive the click: &amp;lt;div&amp;gt;...&amp;lt;/div&amp;gt;
  (Session info: chrome=123.0.6312.107)
Build info: version: &amp;apos;4.18.1&amp;apos;, revision: &amp;apos;b1d3319b48&amp;apos;
System info: os.name: &amp;apos;Windows 11&amp;apos;, os.arch: &amp;apos;amd64&amp;apos;, os.version: &amp;apos;10.0&amp;apos;, java.version: &amp;apos;17.0.7&amp;apos;
Driver info: org.openqa.selenium.chrome.ChromeDriver
Command: [16d057822c217cc43d20c82ddc151053, clickElement {id=f.4D058EE53EF664893C8ED251C6DAA726.d.709A1EBC466B740B1AF4304900F6F62E.e.150}]
Capabilities {acceptInsecureCerts: false, browserName: chrome, browserVersion: 123.0.6312.107, chrome: {chromedriverVersion: 123.0.6312.122 (31f8248cdd9..., userDataDir: C:\Users\ROHIDA~1\AppData\L...}, fedcm:accounts: true, goog:chromeOptions: {debuggerAddress: localhost:50062}, networkConnectionEnabled: false, pageLoadStrategy: normal, platformName: windows, proxy: Proxy(), se:cdp: ws://localhost:50062/devtoo..., se:cdpVersion: 123.0.6312.107, setWindowRect: true, strictFileInteractability: false, timeouts: {implicit: 0, pageLoad: 300000, script: 30000}, unhandledPromptBehavior: dismiss and notify, webauthn:extension:credBlob: true, webauthn:extension:largeBlob: true, webauthn:extension:minPinLength: true, webauthn:extension:prf: true, webauthn:virtualAuthenticators: true}
Element: [[ChromeDriver: chrome on windows (16d057822c217cc43d20c82ddc151053)] -&amp;gt; xpath: (//*[text()=&amp;apos;RUN ALGORITHM&amp;apos;])[2]]
Session ID: 16d057822c217cc43d20c82ddc151053">
      <![CDATA[org.openqa.selenium.ElementClickInterceptedException: element click intercepted: Element <span class="MuiButton-label">...</span> is not clickable at point (931, 522). Other element would receive the click: <div>...</div>
  (Session info: chrome=123.0.6312.107)
Build info: version: '4.18.1', revision: 'b1d3319b48'
System info: os.name: 'Windows 11', os.arch: 'amd64', os.version: '10.0', java.version: '17.0.7'
Driver info: org.openqa.selenium.chrome.ChromeDriver
Command: [16d057822c217cc43d20c82ddc151053, clickElement {id=f.4D058EE53EF664893C8ED251C6DAA726.d.709A1EBC466B740B1AF4304900F6F62E.e.150}]
Capabilities {acceptInsecureCerts: false, browserName: chrome, browserVersion: 123.0.6312.107, chrome: {chromedriverVersion: 123.0.6312.122 (31f8248cdd9..., userDataDir: C:\Users\ROHIDA~1\AppData\L...}, fedcm:accounts: true, goog:chromeOptions: {debuggerAddress: localhost:50062}, networkConnectionEnabled: false, pageLoadStrategy: normal, platformName: windows, proxy: Proxy(), se:cdp: ws://localhost:50062/devtoo..., se:cdpVersion: 123.0.6312.107, setWindowRect: true, strictFileInteractability: false, timeouts: {implicit: 0, pageLoad: 300000, script: 30000}, unhandledPromptBehavior: dismiss and notify, webauthn:extension:credBlob: true, webauthn:extension:largeBlob: true, webauthn:extension:minPinLength: true, webauthn:extension:prf: true, webauthn:virtualAuthenticators: true}
Element: [[ChromeDriver: chrome on windows (16d057822c217cc43d20c82ddc151053)] -> xpath: (//*[text()='RUN ALGORITHM'])[2]]
Session ID: 16d057822c217cc43d20c82ddc151053
at org.openqa.selenium.remote.ErrorCodec.decode(ErrorCodec.java:167)
at org.openqa.selenium.remote.codec.w3c.W3CHttpResponseCodec.decode(W3CHttpResponseCodec.java:138)
at org.openqa.selenium.remote.codec.w3c.W3CHttpResponseCodec.decode(W3CHttpResponseCodec.java:50)
at org.openqa.selenium.remote.HttpCommandExecutor.execute(HttpCommandExecutor.java:190)
at org.openqa.selenium.remote.service.DriverCommandExecutor.invokeExecute(DriverCommandExecutor.java:216)
at org.openqa.selenium.remote.service.DriverCommandExecutor.execute(DriverCommandExecutor.java:174)
at org.openqa.selenium.remote.RemoteWebDriver.execute(RemoteWebDriver.java:519)
at org.openqa.selenium.remote.RemoteWebElement.execute(RemoteWebElement.java:223)
at org.openqa.selenium.remote.RemoteWebElement.click(RemoteWebElement.java:76)
at org.openqa.selenium.support.pagefactory.internal.LocatingElementHandler.invoke(LocatingElementHandler.java:51)
at jdk.proxy2/jdk.proxy2.$Proxy14.click(Unknown Source)
at pageObjects.CreateEvent.runAlgorithmWA2(CreateEvent.java:1274)
at testClasses.Test_ReportCaliforniaSingleauction.runAlgorithm2(Test_ReportCaliforniaSingleauction.java:263)
at java.base/java.util.ArrayList.forEach(ArrayList.java:1511)
... Removed 34 stack frames]]>
    </failure>
  </testcase> <!-- runAlgorithm2 -->
  <testcase classname="testClasses.Test_ReportCaliforniaSingleauction" name="downloadResultReportandValidations" time="83.696">
    <skipped/>
  </testcase> <!-- downloadResultReportandValidations -->
  <testcase classname="testClasses.Test_ReportCaliforniaSingleauction" name="downloadResultReportandValidations" time="82.065">
    <skipped/>
  </testcase> <!-- downloadResultReportandValidations -->
  <testcase classname="testClasses.Test_ReportCaliforniaSingleauction" name="downloadResultReportandValidations" time="81.245">
    <failure type="org.openqa.selenium.NoSuchElementException" message="no such element: Unable to locate element: {&amp;quot;method&amp;quot;:&amp;quot;xpath&amp;quot;,&amp;quot;selector&amp;quot;:&amp;quot;//*[text()=&amp;apos;R2.4_Single_AuctionCATestEvent_16_04_24&amp;apos;]&amp;quot;}
  (Session info: chrome=123.0.6312.107)
For documentation on this error, please visit: https://www.selenium.dev/documentation/webdriver/troubleshooting/errors#no-such-element-exception
Build info: version: &amp;apos;4.18.1&amp;apos;, revision: &amp;apos;b1d3319b48&amp;apos;
System info: os.name: &amp;apos;Windows 11&amp;apos;, os.arch: &amp;apos;amd64&amp;apos;, os.version: &amp;apos;10.0&amp;apos;, java.version: &amp;apos;17.0.7&amp;apos;
Driver info: org.openqa.selenium.chrome.ChromeDriver
Command: [c0acb2588ff7e9f4af820bfa424949ef, findElement {using=xpath, value=//*[text()=&amp;apos;R2.4_Single_AuctionCATestEvent_16_04_24&amp;apos;]}]
Capabilities {acceptInsecureCerts: false, browserName: chrome, browserVersion: 123.0.6312.107, chrome: {chromedriverVersion: 123.0.6312.122 (31f8248cdd9..., userDataDir: C:\Users\ROHIDA~1\AppData\L...}, fedcm:accounts: true, goog:chromeOptions: {debuggerAddress: localhost:50203}, networkConnectionEnabled: false, pageLoadStrategy: normal, platformName: windows, proxy: Proxy(), se:cdp: ws://localhost:50203/devtoo..., se:cdpVersion: 123.0.6312.107, setWindowRect: true, strictFileInteractability: false, timeouts: {implicit: 0, pageLoad: 300000, script: 30000}, unhandledPromptBehavior: dismiss and notify, webauthn:extension:credBlob: true, webauthn:extension:largeBlob: true, webauthn:extension:minPinLength: true, webauthn:extension:prf: true, webauthn:virtualAuthenticators: true}
Session ID: c0acb2588ff7e9f4af820bfa424949ef">
      <![CDATA[org.openqa.selenium.NoSuchElementException: no such element: Unable to locate element: {"method":"xpath","selector":"//*[text()='R2.4_Single_AuctionCATestEvent_16_04_24']"}
  (Session info: chrome=123.0.6312.107)
For documentation on this error, please visit: https://www.selenium.dev/documentation/webdriver/troubleshooting/errors#no-such-element-exception
Build info: version: '4.18.1', revision: 'b1d3319b48'
System info: os.name: 'Windows 11', os.arch: 'amd64', os.version: '10.0', java.version: '17.0.7'
Driver info: org.openqa.selenium.chrome.ChromeDriver
Command: [c0acb2588ff7e9f4af820bfa424949ef, findElement {using=xpath, value=//*[text()='R2.4_Single_AuctionCATestEvent_16_04_24']}]
Capabilities {acceptInsecureCerts: false, browserName: chrome, browserVersion: 123.0.6312.107, chrome: {chromedriverVersion: 123.0.6312.122 (31f8248cdd9..., userDataDir: C:\Users\ROHIDA~1\AppData\L...}, fedcm:accounts: true, goog:chromeOptions: {debuggerAddress: localhost:50203}, networkConnectionEnabled: false, pageLoadStrategy: normal, platformName: windows, proxy: Proxy(), se:cdp: ws://localhost:50203/devtoo..., se:cdpVersion: 123.0.6312.107, setWindowRect: true, strictFileInteractability: false, timeouts: {implicit: 0, pageLoad: 300000, script: 30000}, unhandledPromptBehavior: dismiss and notify, webauthn:extension:credBlob: true, webauthn:extension:largeBlob: true, webauthn:extension:minPinLength: true, webauthn:extension:prf: true, webauthn:virtualAuthenticators: true}
Session ID: c0acb2588ff7e9f4af820bfa424949ef
at org.openqa.selenium.remote.ErrorCodec.decode(ErrorCodec.java:167)
at org.openqa.selenium.remote.codec.w3c.W3CHttpResponseCodec.decode(W3CHttpResponseCodec.java:138)
at org.openqa.selenium.remote.codec.w3c.W3CHttpResponseCodec.decode(W3CHttpResponseCodec.java:50)
at org.openqa.selenium.remote.HttpCommandExecutor.execute(HttpCommandExecutor.java:190)
at org.openqa.selenium.remote.service.DriverCommandExecutor.invokeExecute(DriverCommandExecutor.java:216)
at org.openqa.selenium.remote.service.DriverCommandExecutor.execute(DriverCommandExecutor.java:174)
at org.openqa.selenium.remote.RemoteWebDriver.execute(RemoteWebDriver.java:519)
at org.openqa.selenium.remote.ElementLocation$ElementFinder$2.findElement(ElementLocation.java:165)
at org.openqa.selenium.remote.ElementLocation.findElement(ElementLocation.java:59)
at org.openqa.selenium.remote.RemoteWebDriver.findElement(RemoteWebDriver.java:356)
at org.openqa.selenium.remote.RemoteWebDriver.findElement(RemoteWebDriver.java:350)
at pageObjects.DownloadReports.searchReportsByEventNameForCASingleAuction(DownloadReports.java:384)
at pageObjects.DownloadReports.searchReportFunctionalityCA(DownloadReports.java:283)
at testClasses.Test_ReportCaliforniaSingleauction.downloadResultReportandValidations(Test_ReportCaliforniaSingleauction.java:276)
at java.base/java.util.ArrayList.forEach(ArrayList.java:1511)
... Removed 31 stack frames]]>
    </failure>
  </testcase> <!-- downloadResultReportandValidations -->
  <testcase classname="testClasses.Test_ReportCaliforniaSingleauction" name="eventCertification" time="30.641"/>
  <testcase classname="testClasses.Test_ReportCaliforniaSingleauction" name="eventCertificationBySecondSponsor" time="26.195">
    <skipped/>
  </testcase> <!-- eventCertificationBySecondSponsor -->
  <testcase classname="testClasses.Test_ReportCaliforniaSingleauction" name="eventCertificationBySecondSponsor" time="23.661">
    <skipped/>
  </testcase> <!-- eventCertificationBySecondSponsor -->
  <testcase classname="testClasses.Test_ReportCaliforniaSingleauction" name="eventCertificationBySecondSponsor" time="27.149">
    <failure type="org.openqa.selenium.ElementClickInterceptedException" message="element click intercepted: Element &amp;lt;button class=&amp;quot;MuiButtonBase-root MuiIconButton-root jss966 Mui-disabled Mui-disabled&amp;quot; tabindex=&amp;quot;-1&amp;quot; type=&amp;quot;button&amp;quot; disabled=&amp;quot;&amp;quot; aria-label=&amp;quot;secondAuctionCertified&amp;quot;&amp;gt;...&amp;lt;/button&amp;gt; is not clickable at point (1133, 20). Other element would receive the click: &amp;lt;div class=&amp;quot;jss856&amp;quot;&amp;gt;...&amp;lt;/div&amp;gt;
  (Session info: chrome=123.0.6312.107)
Build info: version: &amp;apos;4.18.1&amp;apos;, revision: &amp;apos;b1d3319b48&amp;apos;
System info: os.name: &amp;apos;Windows 11&amp;apos;, os.arch: &amp;apos;amd64&amp;apos;, os.version: &amp;apos;10.0&amp;apos;, java.version: &amp;apos;17.0.7&amp;apos;
Driver info: org.openqa.selenium.chrome.ChromeDriver
Command: [488f3bcf1b896968a206424fc5c2ffc9, clickElement {id=f.F26ADDC77EAAFDA39256B31831A6E6B0.d.C079086397CF8D8D63F29D18F810D7D6.e.121}]
Capabilities {acceptInsecureCerts: false, browserName: chrome, browserVersion: 123.0.6312.107, chrome: {chromedriverVersion: 123.0.6312.122 (31f8248cdd9..., userDataDir: C:\Users\ROHIDA~1\AppData\L...}, fedcm:accounts: true, goog:chromeOptions: {debuggerAddress: localhost:50346}, networkConnectionEnabled: false, pageLoadStrategy: normal, platformName: windows, proxy: Proxy(), se:cdp: ws://localhost:50346/devtoo..., se:cdpVersion: 123.0.6312.107, setWindowRect: true, strictFileInteractability: false, timeouts: {implicit: 0, pageLoad: 300000, script: 30000}, unhandledPromptBehavior: dismiss and notify, webauthn:extension:credBlob: true, webauthn:extension:largeBlob: true, webauthn:extension:minPinLength: true, webauthn:extension:prf: true, webauthn:virtualAuthenticators: true}
Element: [[ChromeDriver: chrome on windows (488f3bcf1b896968a206424fc5c2ffc9)] -&amp;gt; xpath: //*[@aria-label=&amp;apos;secondAuctionCertified&amp;apos;]]
Session ID: 488f3bcf1b896968a206424fc5c2ffc9">
      <![CDATA[org.openqa.selenium.ElementClickInterceptedException: element click intercepted: Element <button class="MuiButtonBase-root MuiIconButton-root jss966 Mui-disabled Mui-disabled" tabindex="-1" type="button" disabled="" aria-label="secondAuctionCertified">...</button> is not clickable at point (1133, 20). Other element would receive the click: <div class="jss856">...</div>
  (Session info: chrome=123.0.6312.107)
Build info: version: '4.18.1', revision: 'b1d3319b48'
System info: os.name: 'Windows 11', os.arch: 'amd64', os.version: '10.0', java.version: '17.0.7'
Driver info: org.openqa.selenium.chrome.ChromeDriver
Command: [488f3bcf1b896968a206424fc5c2ffc9, clickElement {id=f.F26ADDC77EAAFDA39256B31831A6E6B0.d.C079086397CF8D8D63F29D18F810D7D6.e.121}]
Capabilities {acceptInsecureCerts: false, browserName: chrome, browserVersion: 123.0.6312.107, chrome: {chromedriverVersion: 123.0.6312.122 (31f8248cdd9..., userDataDir: C:\Users\ROHIDA~1\AppData\L...}, fedcm:accounts: true, goog:chromeOptions: {debuggerAddress: localhost:50346}, networkConnectionEnabled: false, pageLoadStrategy: normal, platformName: windows, proxy: Proxy(), se:cdp: ws://localhost:50346/devtoo..., se:cdpVersion: 123.0.6312.107, setWindowRect: true, strictFileInteractability: false, timeouts: {implicit: 0, pageLoad: 300000, script: 30000}, unhandledPromptBehavior: dismiss and notify, webauthn:extension:credBlob: true, webauthn:extension:largeBlob: true, webauthn:extension:minPinLength: true, webauthn:extension:prf: true, webauthn:virtualAuthenticators: true}
Element: [[ChromeDriver: chrome on windows (488f3bcf1b896968a206424fc5c2ffc9)] -> xpath: //*[@aria-label='secondAuctionCertified']]
Session ID: 488f3bcf1b896968a206424fc5c2ffc9
at org.openqa.selenium.remote.ErrorCodec.decode(ErrorCodec.java:167)
at org.openqa.selenium.remote.codec.w3c.W3CHttpResponseCodec.decode(W3CHttpResponseCodec.java:138)
at org.openqa.selenium.remote.codec.w3c.W3CHttpResponseCodec.decode(W3CHttpResponseCodec.java:50)
at org.openqa.selenium.remote.HttpCommandExecutor.execute(HttpCommandExecutor.java:190)
at org.openqa.selenium.remote.service.DriverCommandExecutor.invokeExecute(DriverCommandExecutor.java:216)
at org.openqa.selenium.remote.service.DriverCommandExecutor.execute(DriverCommandExecutor.java:174)
at org.openqa.selenium.remote.RemoteWebDriver.execute(RemoteWebDriver.java:519)
at org.openqa.selenium.remote.RemoteWebElement.execute(RemoteWebElement.java:223)
at org.openqa.selenium.remote.RemoteWebElement.click(RemoteWebElement.java:76)
at org.openqa.selenium.support.pagefactory.internal.LocatingElementHandler.invoke(LocatingElementHandler.java:51)
at jdk.proxy2/jdk.proxy2.$Proxy14.click(Unknown Source)
at pageObjects.CreateEvent.AuctionCertificationButtonCA2(CreateEvent.java:1236)
at testClasses.Test_ReportCaliforniaSingleauction.eventCertificationBySecondSponsor(Test_ReportCaliforniaSingleauction.java:305)
at java.base/java.util.ArrayList.forEach(ArrayList.java:1511)
... Removed 34 stack frames]]>
    </failure>
  </testcase> <!-- eventCertificationBySecondSponsor -->
  <testcase classname="testClasses.Test_ReportCaliforniaSingleauction" name="MMaccesstheBidsAuditReport" time="111.053">
    <skipped/>
  </testcase> <!-- MMaccesstheBidsAuditReport -->
  <testcase classname="testClasses.Test_ReportCaliforniaSingleauction" name="MMaccesstheBidsAuditReport" time="113.116">
    <skipped/>
  </testcase> <!-- MMaccesstheBidsAuditReport -->
  <testcase classname="testClasses.Test_ReportCaliforniaSingleauction" name="MMaccesstheBidsAuditReport" time="113.275">
    <failure type="org.openqa.selenium.NoSuchElementException" message="no such element: Unable to locate element: {&amp;quot;method&amp;quot;:&amp;quot;xpath&amp;quot;,&amp;quot;selector&amp;quot;:&amp;quot;//*[text()=&amp;apos;R2.4_Single_AuctionCATestEvent_16_04_24&amp;apos;]&amp;quot;}
  (Session info: chrome=123.0.6312.107)
For documentation on this error, please visit: https://www.selenium.dev/documentation/webdriver/troubleshooting/errors#no-such-element-exception
Build info: version: &amp;apos;4.18.1&amp;apos;, revision: &amp;apos;b1d3319b48&amp;apos;
System info: os.name: &amp;apos;Windows 11&amp;apos;, os.arch: &amp;apos;amd64&amp;apos;, os.version: &amp;apos;10.0&amp;apos;, java.version: &amp;apos;17.0.7&amp;apos;
Driver info: org.openqa.selenium.chrome.ChromeDriver
Command: [f849fc2f8dcef886234196a17a7f7163, findElement {using=xpath, value=//*[text()=&amp;apos;R2.4_Single_AuctionCATestEvent_16_04_24&amp;apos;]}]
Capabilities {acceptInsecureCerts: false, browserName: chrome, browserVersion: 123.0.6312.107, chrome: {chromedriverVersion: 123.0.6312.122 (31f8248cdd9..., userDataDir: C:\Users\ROHIDA~1\AppData\L...}, fedcm:accounts: true, goog:chromeOptions: {debuggerAddress: localhost:50467}, networkConnectionEnabled: false, pageLoadStrategy: normal, platformName: windows, proxy: Proxy(), se:cdp: ws://localhost:50467/devtoo..., se:cdpVersion: 123.0.6312.107, setWindowRect: true, strictFileInteractability: false, timeouts: {implicit: 0, pageLoad: 300000, script: 30000}, unhandledPromptBehavior: dismiss and notify, webauthn:extension:credBlob: true, webauthn:extension:largeBlob: true, webauthn:extension:minPinLength: true, webauthn:extension:prf: true, webauthn:virtualAuthenticators: true}
Session ID: f849fc2f8dcef886234196a17a7f7163">
      <![CDATA[org.openqa.selenium.NoSuchElementException: no such element: Unable to locate element: {"method":"xpath","selector":"//*[text()='R2.4_Single_AuctionCATestEvent_16_04_24']"}
  (Session info: chrome=123.0.6312.107)
For documentation on this error, please visit: https://www.selenium.dev/documentation/webdriver/troubleshooting/errors#no-such-element-exception
Build info: version: '4.18.1', revision: 'b1d3319b48'
System info: os.name: 'Windows 11', os.arch: 'amd64', os.version: '10.0', java.version: '17.0.7'
Driver info: org.openqa.selenium.chrome.ChromeDriver
Command: [f849fc2f8dcef886234196a17a7f7163, findElement {using=xpath, value=//*[text()='R2.4_Single_AuctionCATestEvent_16_04_24']}]
Capabilities {acceptInsecureCerts: false, browserName: chrome, browserVersion: 123.0.6312.107, chrome: {chromedriverVersion: 123.0.6312.122 (31f8248cdd9..., userDataDir: C:\Users\ROHIDA~1\AppData\L...}, fedcm:accounts: true, goog:chromeOptions: {debuggerAddress: localhost:50467}, networkConnectionEnabled: false, pageLoadStrategy: normal, platformName: windows, proxy: Proxy(), se:cdp: ws://localhost:50467/devtoo..., se:cdpVersion: 123.0.6312.107, setWindowRect: true, strictFileInteractability: false, timeouts: {implicit: 0, pageLoad: 300000, script: 30000}, unhandledPromptBehavior: dismiss and notify, webauthn:extension:credBlob: true, webauthn:extension:largeBlob: true, webauthn:extension:minPinLength: true, webauthn:extension:prf: true, webauthn:virtualAuthenticators: true}
Session ID: f849fc2f8dcef886234196a17a7f7163
at org.openqa.selenium.remote.ErrorCodec.decode(ErrorCodec.java:167)
at org.openqa.selenium.remote.codec.w3c.W3CHttpResponseCodec.decode(W3CHttpResponseCodec.java:138)
at org.openqa.selenium.remote.codec.w3c.W3CHttpResponseCodec.decode(W3CHttpResponseCodec.java:50)
at org.openqa.selenium.remote.HttpCommandExecutor.execute(HttpCommandExecutor.java:190)
at org.openqa.selenium.remote.service.DriverCommandExecutor.invokeExecute(DriverCommandExecutor.java:216)
at org.openqa.selenium.remote.service.DriverCommandExecutor.execute(DriverCommandExecutor.java:174)
at org.openqa.selenium.remote.RemoteWebDriver.execute(RemoteWebDriver.java:519)
at org.openqa.selenium.remote.ElementLocation$ElementFinder$2.findElement(ElementLocation.java:165)
at org.openqa.selenium.remote.ElementLocation.findElement(ElementLocation.java:59)
at org.openqa.selenium.remote.RemoteWebDriver.findElement(RemoteWebDriver.java:356)
at org.openqa.selenium.remote.RemoteWebDriver.findElement(RemoteWebDriver.java:350)
at pageObjects.DownloadReports.searchReportsByEventNameForCASingleAuction(DownloadReports.java:384)
at pageObjects.POM_Reports.MMaccesstheBidsAuditReportCA(POM_Reports.java:4514)
at testClasses.Test_ReportCaliforniaSingleauction.MMaccesstheBidsAuditReport(Test_ReportCaliforniaSingleauction.java:322)
at java.base/java.util.ArrayList.forEach(ArrayList.java:1511)
... Removed 31 stack frames]]>
    </failure>
  </testcase> <!-- MMaccesstheBidsAuditReport -->
  <testcase classname="testClasses.Test_ReportCaliforniaSingleauction" name="MMaccesstheBidsAuditReport" time="112.539">
    <skipped/>
  </testcase> <!-- MMaccesstheBidsAuditReport -->
  <testcase classname="testClasses.Test_ReportCaliforniaSingleauction" name="MMaccesstheBidsAuditReport" time="111.504">
    <skipped/>
  </testcase> <!-- MMaccesstheBidsAuditReport -->
  <testcase classname="testClasses.Test_ReportCaliforniaSingleauction" name="MMaccesstheBidsAuditReport" time="111.986">
    <failure type="org.openqa.selenium.NoSuchElementException" message="no such element: Unable to locate element: {&amp;quot;method&amp;quot;:&amp;quot;xpath&amp;quot;,&amp;quot;selector&amp;quot;:&amp;quot;//*[text()=&amp;apos;R2.4_Single_AuctionCATestEvent_16_04_24&amp;apos;]&amp;quot;}
  (Session info: chrome=123.0.6312.107)
For documentation on this error, please visit: https://www.selenium.dev/documentation/webdriver/troubleshooting/errors#no-such-element-exception
Build info: version: &amp;apos;4.18.1&amp;apos;, revision: &amp;apos;b1d3319b48&amp;apos;
System info: os.name: &amp;apos;Windows 11&amp;apos;, os.arch: &amp;apos;amd64&amp;apos;, os.version: &amp;apos;10.0&amp;apos;, java.version: &amp;apos;17.0.7&amp;apos;
Driver info: org.openqa.selenium.chrome.ChromeDriver
Command: [1953c4f479f8cfa7325fa7d984967e2c, findElement {using=xpath, value=//*[text()=&amp;apos;R2.4_Single_AuctionCATestEvent_16_04_24&amp;apos;]}]
Capabilities {acceptInsecureCerts: false, browserName: chrome, browserVersion: 123.0.6312.107, chrome: {chromedriverVersion: 123.0.6312.122 (31f8248cdd9..., userDataDir: C:\Users\ROHIDA~1\AppData\L...}, fedcm:accounts: true, goog:chromeOptions: {debuggerAddress: localhost:50584}, networkConnectionEnabled: false, pageLoadStrategy: normal, platformName: windows, proxy: Proxy(), se:cdp: ws://localhost:50584/devtoo..., se:cdpVersion: 123.0.6312.107, setWindowRect: true, strictFileInteractability: false, timeouts: {implicit: 0, pageLoad: 300000, script: 30000}, unhandledPromptBehavior: dismiss and notify, webauthn:extension:credBlob: true, webauthn:extension:largeBlob: true, webauthn:extension:minPinLength: true, webauthn:extension:prf: true, webauthn:virtualAuthenticators: true}
Session ID: 1953c4f479f8cfa7325fa7d984967e2c">
      <![CDATA[org.openqa.selenium.NoSuchElementException: no such element: Unable to locate element: {"method":"xpath","selector":"//*[text()='R2.4_Single_AuctionCATestEvent_16_04_24']"}
  (Session info: chrome=123.0.6312.107)
For documentation on this error, please visit: https://www.selenium.dev/documentation/webdriver/troubleshooting/errors#no-such-element-exception
Build info: version: '4.18.1', revision: 'b1d3319b48'
System info: os.name: 'Windows 11', os.arch: 'amd64', os.version: '10.0', java.version: '17.0.7'
Driver info: org.openqa.selenium.chrome.ChromeDriver
Command: [1953c4f479f8cfa7325fa7d984967e2c, findElement {using=xpath, value=//*[text()='R2.4_Single_AuctionCATestEvent_16_04_24']}]
Capabilities {acceptInsecureCerts: false, browserName: chrome, browserVersion: 123.0.6312.107, chrome: {chromedriverVersion: 123.0.6312.122 (31f8248cdd9..., userDataDir: C:\Users\ROHIDA~1\AppData\L...}, fedcm:accounts: true, goog:chromeOptions: {debuggerAddress: localhost:50584}, networkConnectionEnabled: false, pageLoadStrategy: normal, platformName: windows, proxy: Proxy(), se:cdp: ws://localhost:50584/devtoo..., se:cdpVersion: 123.0.6312.107, setWindowRect: true, strictFileInteractability: false, timeouts: {implicit: 0, pageLoad: 300000, script: 30000}, unhandledPromptBehavior: dismiss and notify, webauthn:extension:credBlob: true, webauthn:extension:largeBlob: true, webauthn:extension:minPinLength: true, webauthn:extension:prf: true, webauthn:virtualAuthenticators: true}
Session ID: 1953c4f479f8cfa7325fa7d984967e2c
at org.openqa.selenium.remote.ErrorCodec.decode(ErrorCodec.java:167)
at org.openqa.selenium.remote.codec.w3c.W3CHttpResponseCodec.decode(W3CHttpResponseCodec.java:138)
at org.openqa.selenium.remote.codec.w3c.W3CHttpResponseCodec.decode(W3CHttpResponseCodec.java:50)
at org.openqa.selenium.remote.HttpCommandExecutor.execute(HttpCommandExecutor.java:190)
at org.openqa.selenium.remote.service.DriverCommandExecutor.invokeExecute(DriverCommandExecutor.java:216)
at org.openqa.selenium.remote.service.DriverCommandExecutor.execute(DriverCommandExecutor.java:174)
at org.openqa.selenium.remote.RemoteWebDriver.execute(RemoteWebDriver.java:519)
at org.openqa.selenium.remote.ElementLocation$ElementFinder$2.findElement(ElementLocation.java:165)
at org.openqa.selenium.remote.ElementLocation.findElement(ElementLocation.java:59)
at org.openqa.selenium.remote.RemoteWebDriver.findElement(RemoteWebDriver.java:356)
at org.openqa.selenium.remote.RemoteWebDriver.findElement(RemoteWebDriver.java:350)
at pageObjects.DownloadReports.searchReportsByEventNameForCASingleAuction(DownloadReports.java:384)
at pageObjects.POM_Reports.MMaccesstheBidsAuditReportCA(POM_Reports.java:4514)
at testClasses.Test_ReportCaliforniaSingleauction.MMaccesstheBidsAuditReport(Test_ReportCaliforniaSingleauction.java:322)
at java.base/java.util.ArrayList.forEach(ArrayList.java:1511)
... Removed 31 stack frames]]>
    </failure>
  </testcase> <!-- MMaccesstheBidsAuditReport -->
  <testcase classname="testClasses.Test_ReportCaliforniaSingleauction" name="sponsoraccesstheClientBidsAuditReport" time="81.49">
    <skipped/>
  </testcase> <!-- sponsoraccesstheClientBidsAuditReport -->
  <testcase classname="testClasses.Test_ReportCaliforniaSingleauction" name="sponsoraccesstheClientBidsAuditReport" time="82.528">
    <skipped/>
  </testcase> <!-- sponsoraccesstheClientBidsAuditReport -->
  <testcase classname="testClasses.Test_ReportCaliforniaSingleauction" name="sponsoraccesstheClientBidsAuditReport" time="82.18">
    <failure type="org.openqa.selenium.NoSuchElementException" message="no such element: Unable to locate element: {&amp;quot;method&amp;quot;:&amp;quot;xpath&amp;quot;,&amp;quot;selector&amp;quot;:&amp;quot;//*[text()=&amp;apos;R2.4_Single_AuctionCATestEvent_16_04_24&amp;apos;]&amp;quot;}
  (Session info: chrome=123.0.6312.107)
For documentation on this error, please visit: https://www.selenium.dev/documentation/webdriver/troubleshooting/errors#no-such-element-exception
Build info: version: &amp;apos;4.18.1&amp;apos;, revision: &amp;apos;b1d3319b48&amp;apos;
System info: os.name: &amp;apos;Windows 11&amp;apos;, os.arch: &amp;apos;amd64&amp;apos;, os.version: &amp;apos;10.0&amp;apos;, java.version: &amp;apos;17.0.7&amp;apos;
Driver info: org.openqa.selenium.chrome.ChromeDriver
Command: [ebe264155e8e5c485181933eb3dcf1b8, findElement {using=xpath, value=//*[text()=&amp;apos;R2.4_Single_AuctionCATestEvent_16_04_24&amp;apos;]}]
Capabilities {acceptInsecureCerts: false, browserName: chrome, browserVersion: 123.0.6312.107, chrome: {chromedriverVersion: 123.0.6312.122 (31f8248cdd9..., userDataDir: C:\Users\ROHIDA~1\AppData\L...}, fedcm:accounts: true, goog:chromeOptions: {debuggerAddress: localhost:50722}, networkConnectionEnabled: false, pageLoadStrategy: normal, platformName: windows, proxy: Proxy(), se:cdp: ws://localhost:50722/devtoo..., se:cdpVersion: 123.0.6312.107, setWindowRect: true, strictFileInteractability: false, timeouts: {implicit: 0, pageLoad: 300000, script: 30000}, unhandledPromptBehavior: dismiss and notify, webauthn:extension:credBlob: true, webauthn:extension:largeBlob: true, webauthn:extension:minPinLength: true, webauthn:extension:prf: true, webauthn:virtualAuthenticators: true}
Session ID: ebe264155e8e5c485181933eb3dcf1b8">
      <![CDATA[org.openqa.selenium.NoSuchElementException: no such element: Unable to locate element: {"method":"xpath","selector":"//*[text()='R2.4_Single_AuctionCATestEvent_16_04_24']"}
  (Session info: chrome=123.0.6312.107)
For documentation on this error, please visit: https://www.selenium.dev/documentation/webdriver/troubleshooting/errors#no-such-element-exception
Build info: version: '4.18.1', revision: 'b1d3319b48'
System info: os.name: 'Windows 11', os.arch: 'amd64', os.version: '10.0', java.version: '17.0.7'
Driver info: org.openqa.selenium.chrome.ChromeDriver
Command: [ebe264155e8e5c485181933eb3dcf1b8, findElement {using=xpath, value=//*[text()='R2.4_Single_AuctionCATestEvent_16_04_24']}]
Capabilities {acceptInsecureCerts: false, browserName: chrome, browserVersion: 123.0.6312.107, chrome: {chromedriverVersion: 123.0.6312.122 (31f8248cdd9..., userDataDir: C:\Users\ROHIDA~1\AppData\L...}, fedcm:accounts: true, goog:chromeOptions: {debuggerAddress: localhost:50722}, networkConnectionEnabled: false, pageLoadStrategy: normal, platformName: windows, proxy: Proxy(), se:cdp: ws://localhost:50722/devtoo..., se:cdpVersion: 123.0.6312.107, setWindowRect: true, strictFileInteractability: false, timeouts: {implicit: 0, pageLoad: 300000, script: 30000}, unhandledPromptBehavior: dismiss and notify, webauthn:extension:credBlob: true, webauthn:extension:largeBlob: true, webauthn:extension:minPinLength: true, webauthn:extension:prf: true, webauthn:virtualAuthenticators: true}
Session ID: ebe264155e8e5c485181933eb3dcf1b8
at org.openqa.selenium.remote.ErrorCodec.decode(ErrorCodec.java:167)
at org.openqa.selenium.remote.codec.w3c.W3CHttpResponseCodec.decode(W3CHttpResponseCodec.java:138)
at org.openqa.selenium.remote.codec.w3c.W3CHttpResponseCodec.decode(W3CHttpResponseCodec.java:50)
at org.openqa.selenium.remote.HttpCommandExecutor.execute(HttpCommandExecutor.java:190)
at org.openqa.selenium.remote.service.DriverCommandExecutor.invokeExecute(DriverCommandExecutor.java:216)
at org.openqa.selenium.remote.service.DriverCommandExecutor.execute(DriverCommandExecutor.java:174)
at org.openqa.selenium.remote.RemoteWebDriver.execute(RemoteWebDriver.java:519)
at org.openqa.selenium.remote.ElementLocation$ElementFinder$2.findElement(ElementLocation.java:165)
at org.openqa.selenium.remote.ElementLocation.findElement(ElementLocation.java:59)
at org.openqa.selenium.remote.RemoteWebDriver.findElement(RemoteWebDriver.java:356)
at org.openqa.selenium.remote.RemoteWebDriver.findElement(RemoteWebDriver.java:350)
at pageObjects.DownloadReports.searchReportsByEventNameForCASingleAuction(DownloadReports.java:384)
at pageObjects.POM_Reports.sponsoraccesstheClientBidsAuditReportCA(POM_Reports.java:4810)
at testClasses.Test_ReportCaliforniaSingleauction.sponsoraccesstheClientBidsAuditReport(Test_ReportCaliforniaSingleauction.java:343)
at java.base/java.util.ArrayList.forEach(ArrayList.java:1511)
... Removed 31 stack frames]]>
    </failure>
  </testcase> <!-- sponsoraccesstheClientBidsAuditReport -->
  <testcase classname="testClasses.Test_ReportCaliforniaSingleauction" name="sponsoraccesstheClientBidsAuditReport" time="86.305">
    <skipped/>
  </testcase> <!-- sponsoraccesstheClientBidsAuditReport -->
  <testcase classname="testClasses.Test_ReportCaliforniaSingleauction" name="sponsoraccesstheClientBidsAuditReport" time="83.367">
    <skipped/>
  </testcase> <!-- sponsoraccesstheClientBidsAuditReport -->
  <testcase classname="testClasses.Test_ReportCaliforniaSingleauction" name="sponsoraccesstheClientBidsAuditReport" time="81.432">
    <failure type="org.openqa.selenium.NoSuchElementException" message="no such element: Unable to locate element: {&amp;quot;method&amp;quot;:&amp;quot;xpath&amp;quot;,&amp;quot;selector&amp;quot;:&amp;quot;//*[text()=&amp;apos;R2.4_Single_AuctionCATestEvent_16_04_24&amp;apos;]&amp;quot;}
  (Session info: chrome=123.0.6312.107)
For documentation on this error, please visit: https://www.selenium.dev/documentation/webdriver/troubleshooting/errors#no-such-element-exception
Build info: version: &amp;apos;4.18.1&amp;apos;, revision: &amp;apos;b1d3319b48&amp;apos;
System info: os.name: &amp;apos;Windows 11&amp;apos;, os.arch: &amp;apos;amd64&amp;apos;, os.version: &amp;apos;10.0&amp;apos;, java.version: &amp;apos;17.0.7&amp;apos;
Driver info: org.openqa.selenium.chrome.ChromeDriver
Command: [8f13d00fd0fcbae741966a3eae27f867, findElement {using=xpath, value=//*[text()=&amp;apos;R2.4_Single_AuctionCATestEvent_16_04_24&amp;apos;]}]
Capabilities {acceptInsecureCerts: false, browserName: chrome, browserVersion: 123.0.6312.107, chrome: {chromedriverVersion: 123.0.6312.122 (31f8248cdd9..., userDataDir: C:\Users\ROHIDA~1\AppData\L...}, fedcm:accounts: true, goog:chromeOptions: {debuggerAddress: localhost:50846}, networkConnectionEnabled: false, pageLoadStrategy: normal, platformName: windows, proxy: Proxy(), se:cdp: ws://localhost:50846/devtoo..., se:cdpVersion: 123.0.6312.107, setWindowRect: true, strictFileInteractability: false, timeouts: {implicit: 0, pageLoad: 300000, script: 30000}, unhandledPromptBehavior: dismiss and notify, webauthn:extension:credBlob: true, webauthn:extension:largeBlob: true, webauthn:extension:minPinLength: true, webauthn:extension:prf: true, webauthn:virtualAuthenticators: true}
Session ID: 8f13d00fd0fcbae741966a3eae27f867">
      <![CDATA[org.openqa.selenium.NoSuchElementException: no such element: Unable to locate element: {"method":"xpath","selector":"//*[text()='R2.4_Single_AuctionCATestEvent_16_04_24']"}
  (Session info: chrome=123.0.6312.107)
For documentation on this error, please visit: https://www.selenium.dev/documentation/webdriver/troubleshooting/errors#no-such-element-exception
Build info: version: '4.18.1', revision: 'b1d3319b48'
System info: os.name: 'Windows 11', os.arch: 'amd64', os.version: '10.0', java.version: '17.0.7'
Driver info: org.openqa.selenium.chrome.ChromeDriver
Command: [8f13d00fd0fcbae741966a3eae27f867, findElement {using=xpath, value=//*[text()='R2.4_Single_AuctionCATestEvent_16_04_24']}]
[...]
Capabilities {acceptInsecureCerts: false, browserName: chrome, browserVersion: 123.0.6312.107, chrome: {chromedriverVersion: 123.0.6312.122 (31f8248cdd9..., userDataDir: C:\Users\ROHIDA~1\AppData\L...}, fedcm:accounts: true, goog:chromeOptions: {debuggerAddress: localhost:50445}, networkConnectionEnabled: false, pageLoadStrategy: normal, platformName: windows, proxy: Proxy(), se:cdp: ws://localhost:50445/devtoo..., se:cdpVersion: 123.0.6312.107, setWindowRect: true, strictFileInteractability: false, timeouts: {implicit: 0, pageLoad: 300000, script: 30000}, unhandledPromptBehavior: dismiss and notify, webauthn:extension:credBlob: true, webauthn:extension:largeBlob: true, webauthn:extension:minPinLength: true, webauthn:extension:prf: true, webauthn:virtualAuthenticators: true}
Session ID: 810268ce604400872cc50af4a44ae5a0">
      <![CDATA[org.openqa.selenium.NoSuchElementException: no such element: Unable to locate element: {"method":"xpath","selector":"//*[text()='R2.4_SingleWSTestEvent_16_04_24']"}
  (Session info: chrome=123.0.6312.107)
For documentation on this error, please visit: https://www.selenium.dev/documentation/webdriver/troubleshooting/errors#no-such-element-exception
Build info: version: '4.18.1', revision: 'b1d3319b48'
System info: os.name: 'Windows 11', os.arch: 'amd64', os.version: '10.0', java.version: '17.0.7'
Driver info: org.openqa.selenium.chrome.ChromeDriver
Command: [810268ce604400872cc50af4a44ae5a0, findElement {using=xpath, value=//*[text()='R2.4_SingleWSTestEvent_16_04_24']}]
Capabilities {acceptInsecureCerts: false, browserName: chrome, browserVersion: 123.0.6312.107, chrome: {chromedriverVersion: 123.0.6312.122 (31f8248cdd9..., userDataDir: C:\Users\ROHIDA~1\AppData\L...}, fedcm:accounts: true, goog:chromeOptions: {debuggerAddress: localhost:50445}, networkConnectionEnabled: false, pageLoadStrategy: normal, platformName: windows, proxy: Proxy(), se:cdp: ws://localhost:50445/devtoo..., se:cdpVersion: 123.0.6312.107, setWindowRect: true, strictFileInteractability: false, timeouts: {implicit: 0, pageLoad: 300000, script: 30000}, unhandledPromptBehavior: dismiss and notify, webauthn:extension:credBlob: true, webauthn:extension:largeBlob: true, webauthn:extension:minPinLength: true, webauthn:extension:prf: true, webauthn:virtualAuthenticators: true}
Session ID: 810268ce604400872cc50af4a44ae5a0
at org.openqa.selenium.remote.ErrorCodec.decode(ErrorCodec.java:167)
at org.openqa.selenium.remote.codec.w3c.W3CHttpResponseCodec.decode(W3CHttpResponseCodec.java:138)
at org.openqa.selenium.remote.codec.w3c.W3CHttpResponseCodec.decode(W3CHttpResponseCodec.java:50)
at org.openqa.selenium.remote.HttpCommandExecutor.execute(HttpCommandExecutor.java:190)
at org.openqa.selenium.remote.service.DriverCommandExecutor.invokeExecute(DriverCommandExecutor.java:216)
at org.openqa.selenium.remote.service.DriverCommandExecutor.execute(DriverCommandExecutor.java:174)
at org.openqa.selenium.remote.RemoteWebDriver.execute(RemoteWebDriver.java:519)
at org.openqa.selenium.remote.ElementLocation$ElementFinder$2.findElement(ElementLocation.java:165)
at org.openqa.selenium.remote.ElementLocation.findElement(ElementLocation.java:59)
at org.openqa.selenium.remote.RemoteWebDriver.findElement(RemoteWebDriver.java:356)
at org.openqa.selenium.remote.RemoteWebDriver.findElement(RemoteWebDriver.java:350)
at pageObjects.DownloadReports.searchReportsByEventNameForWASingleAuction(DownloadReports.java:341)
at pageObjects.POM_Reports.SponsorMMaccesstheQualifiedBiddersReport1(POM_Reports.java:5251)
at testClasses.Test_ReportWashingtonSingleauction.sponsoraccesstheQualifiedBiddersReport(Test_ReportWashingtonSingleauction.java:510)
at java.base/java.util.ArrayList.forEach(ArrayList.java:1511)
... Removed 31 stack frames]]>
    </failure>
  </testcase> <!-- sponsoraccesstheQualifiedBiddersReport -->
  <testcase classname="testClasses.Test_ReportWashingtonSingleauction" name="SponsoraccessPostEventOperationsReport" time="77.185">
    <skipped/>
  </testcase> <!-- SponsoraccessPostEventOperationsReport -->
  <testcase classname="testClasses.Test_ReportWashingtonSingleauction" name="SponsoraccessPostEventOperationsReport" time="77.654">
    <skipped/>
  </testcase> <!-- SponsoraccessPostEventOperationsReport -->
  <testcase classname="testClasses.Test_ReportWashingtonSingleauction" name="SponsoraccessPostEventOperationsReport" time="79.006">
    <failure type="org.openqa.selenium.NoSuchElementException" message="no such element: Unable to locate element: {&amp;quot;method&amp;quot;:&amp;quot;xpath&amp;quot;,&amp;quot;selector&amp;quot;:&amp;quot;//*[text()=&amp;apos;R2.4_SingleWSTestEvent_16_04_24&amp;apos;]&amp;quot;}
  (Session info: chrome=123.0.6312.107)
For documentation on this error, please visit: https://www.selenium.dev/documentation/webdriver/troubleshooting/errors#no-such-element-exception
Build info: version: &amp;apos;4.18.1&amp;apos;, revision: &amp;apos;b1d3319b48&amp;apos;
System info: os.name: &amp;apos;Windows 11&amp;apos;, os.arch: &amp;apos;amd64&amp;apos;, os.version: &amp;apos;10.0&amp;apos;, java.version: &amp;apos;17.0.7&amp;apos;
Driver info: org.openqa.selenium.chrome.ChromeDriver
Command: [0c981816a3bf4cd58476858f1ee47d37, findElement {using=xpath, value=//*[text()=&amp;apos;R2.4_SingleWSTestEvent_16_04_24&amp;apos;]}]
Capabilities {acceptInsecureCerts: false, browserName: chrome, browserVersion: 123.0.6312.107, chrome: {chromedriverVersion: 123.0.6312.122 (31f8248cdd9..., userDataDir: C:\Users\ROHIDA~1\AppData\L...}, fedcm:accounts: true, goog:chromeOptions: {debuggerAddress: localhost:50586}, networkConnectionEnabled: false, pageLoadStrategy: normal, platformName: windows, proxy: Proxy(), se:cdp: ws://localhost:50586/devtoo..., se:cdpVersion: 123.0.6312.107, setWindowRect: true, strictFileInteractability: false, timeouts: {implicit: 0, pageLoad: 300000, script: 30000}, unhandledPromptBehavior: dismiss and notify, webauthn:extension:credBlob: true, webauthn:extension:largeBlob: true, webauthn:extension:minPinLength: true, webauthn:extension:prf: true, webauthn:virtualAuthenticators: true}
Session ID: 0c981816a3bf4cd58476858f1ee47d37">
      <![CDATA[org.openqa.selenium.NoSuchElementException: no such element: Unable to locate element: {"method":"xpath","selector":"//*[text()='R2.4_SingleWSTestEvent_16_04_24']"}
  (Session info: chrome=123.0.6312.107)
For documentation on this error, please visit: https://www.selenium.dev/documentation/webdriver/troubleshooting/errors#no-such-element-exception
Build info: version: '4.18.1', revision: 'b1d3319b48'
System info: os.name: 'Windows 11', os.arch: 'amd64', os.version: '10.0', java.version: '17.0.7'
Driver info: org.openqa.selenium.chrome.ChromeDriver
Command: [0c981816a3bf4cd58476858f1ee47d37, findElement {using=xpath, value=//*[text()='R2.4_SingleWSTestEvent_16_04_24']}]
Capabilities {acceptInsecureCerts: false, browserName: chrome, browserVersion: 123.0.6312.107, chrome: {chromedriverVersion: 123.0.6312.122 (31f8248cdd9..., userDataDir: C:\Users\ROHIDA~1\AppData\L...}, fedcm:accounts: true, goog:chromeOptions: {debuggerAddress: localhost:50586}, networkConnectionEnabled: false, pageLoadStrategy: normal, platformName: windows, proxy: Proxy(), se:cdp: ws://localhost:50586/devtoo..., se:cdpVersion: 123.0.6312.107, setWindowRect: true, strictFileInteractability: false, timeouts: {implicit: 0, pageLoad: 300000, script: 30000}, unhandledPromptBehavior: dismiss and notify, webauthn:extension:credBlob: true, webauthn:extension:largeBlob: true, webauthn:extension:minPinLength: true, webauthn:extension:prf: true, webauthn:virtualAuthenticators: true}
Session ID: 0c981816a3bf4cd58476858f1ee47d37
at org.openqa.selenium.remote.ErrorCodec.decode(ErrorCodec.java:167)
at org.openqa.selenium.remote.codec.w3c.W3CHttpResponseCodec.decode(W3CHttpResponseCodec.java:138)
at org.openqa.selenium.remote.codec.w3c.W3CHttpResponseCodec.decode(W3CHttpResponseCodec.java:50)
at org.openqa.selenium.remote.HttpCommandExecutor.execute(HttpCommandExecutor.java:190)
at org.openqa.selenium.remote.service.DriverCommandExecutor.invokeExecute(DriverCommandExecutor.java:216)
at org.openqa.selenium.remote.service.DriverCommandExecutor.execute(DriverCommandExecutor.java:174)
at org.openqa.selenium.remote.RemoteWebDriver.execute(RemoteWebDriver.java:519)
at org.openqa.selenium.remote.ElementLocation$ElementFinder$2.findElement(ElementLocation.java:165)
at org.openqa.selenium.remote.ElementLocation.findElement(ElementLocation.java:59)
at org.openqa.selenium.remote.RemoteWebDriver.findElement(RemoteWebDriver.java:356)
at org.openqa.selenium.remote.RemoteWebDriver.findElement(RemoteWebDriver.java:350)
at pageObjects.DownloadReports.searchReportsByEventNameForWASingleAuction(DownloadReports.java:341)
at pageObjects.POM_Reports.SponsoraccessPostEventOperationsReport(POM_Reports.java:5431)
at testClasses.Test_ReportWashingtonSingleauction.SponsoraccessPostEventOperationsReport(Test_ReportWashingtonSingleauction.java:523)
at java.base/java.util.ArrayList.forEach(ArrayList.java:1511)
... Removed 31 stack frames]]>
    </failure>
  </testcase> <!-- SponsoraccessPostEventOperationsReport -->
  <testcase classname="testClasses.Test_ReportWashingtonSingleauction" name="SponsoraccesstheAllowanceDeliveryReportvalidate" time="77.008">
    <skipped/>
  </testcase> <!-- SponsoraccesstheAllowanceDeliveryReportvalidate -->
  <testcase classname="testClasses.Test_ReportWashingtonSingleauction" name="SponsoraccesstheAllowanceDeliveryReportvalidate" time="77.112">
    <skipped/>
  </testcase> <!-- SponsoraccesstheAllowanceDeliveryReportvalidate -->
  <testcase classname="testClasses.Test_ReportWashingtonSingleauction" name="SponsoraccesstheAllowanceDeliveryReportvalidate" time="78.389">
    <failure type="org.openqa.selenium.NoSuchElementException" message="no such element: Unable to locate element: {&amp;quot;method&amp;quot;:&amp;quot;xpath&amp;quot;,&amp;quot;selector&amp;quot;:&amp;quot;//*[text()=&amp;apos;R2.4_SingleWSTestEvent_16_04_24&amp;apos;]&amp;quot;}
  (Session info: chrome=123.0.6312.107)
For documentation on this error, please visit: https://www.selenium.dev/documentation/webdriver/troubleshooting/errors#no-such-element-exception
Build info: version: &amp;apos;4.18.1&amp;apos;, revision: &amp;apos;b1d3319b48&amp;apos;
System info: os.name: &amp;apos;Windows 11&amp;apos;, os.arch: &amp;apos;amd64&amp;apos;, os.version: &amp;apos;10.0&amp;apos;, java.version: &amp;apos;17.0.7&amp;apos;
Driver info: org.openqa.selenium.chrome.ChromeDriver
Command: [c7c28c2af81aa929e3790785283950ff, findElement {using=xpath, value=//*[text()=&amp;apos;R2.4_SingleWSTestEvent_16_04_24&amp;apos;]}]
Capabilities {acceptInsecureCerts: false, browserName: chrome, browserVersion: 123.0.6312.107, chrome: {chromedriverVersion: 123.0.6312.122 (31f8248cdd9..., userDataDir: C:\Users\ROHIDA~1\AppData\L...}, fedcm:accounts: true, goog:chromeOptions: {debuggerAddress: localhost:50727}, networkConnectionEnabled: false, pageLoadStrategy: normal, platformName: windows, proxy: Proxy(), se:cdp: ws://localhost:50727/devtoo..., se:cdpVersion: 123.0.6312.107, setWindowRect: true, strictFileInteractability: false, timeouts: {implicit: 0, pageLoad: 300000, script: 30000}, unhandledPromptBehavior: dismiss and notify, webauthn:extension:credBlob: true, webauthn:extension:largeBlob: true, webauthn:extension:minPinLength: true, webauthn:extension:prf: true, webauthn:virtualAuthenticators: true}
Session ID: c7c28c2af81aa929e3790785283950ff">
      <![CDATA[org.openqa.selenium.NoSuchElementException: no such element: Unable to locate element: {"method":"xpath","selector":"//*[text()='R2.4_SingleWSTestEvent_16_04_24']"}
  (Session info: chrome=123.0.6312.107)
For documentation on this error, please visit: https://www.selenium.dev/documentation/webdriver/troubleshooting/errors#no-such-element-exception
Build info: version: '4.18.1', revision: 'b1d3319b48'
System info: os.name: 'Windows 11', os.arch: 'amd64', os.version: '10.0', java.version: '17.0.7'
Driver info: org.openqa.selenium.chrome.ChromeDriver
Command: [c7c28c2af81aa929e3790785283950ff, findElement {using=xpath, value=//*[text()='R2.4_SingleWSTestEvent_16_04_24']}]
Capabilities {acceptInsecureCerts: false, browserName: chrome, browserVersion: 123.0.6312.107, chrome: {chromedriverVersion: 123.0.6312.122 (31f8248cdd9..., userDataDir: C:\Users\ROHIDA~1\AppData\L...}, fedcm:accounts: true, goog:chromeOptions: {debuggerAddress: localhost:50727}, networkConnectionEnabled: false, pageLoadStrategy: normal, platformName: windows, proxy: Proxy(), se:cdp: ws://localhost:50727/devtoo..., se:cdpVersion: 123.0.6312.107, setWindowRect: true, strictFileInteractability: false, timeouts: {implicit: 0, pageLoad: 300000, script: 30000}, unhandledPromptBehavior: dismiss and notify, webauthn:extension:credBlob: true, webauthn:extension:largeBlob: true, webauthn:extension:minPinLength: true, webauthn:extension:prf: true, webauthn:virtualAuthenticators: true}
Session ID: c7c28c2af81aa929e3790785283950ff
at org.openqa.selenium.remote.ErrorCodec.decode(ErrorCodec.java:167)
at org.openqa.selenium.remote.codec.w3c.W3CHttpResponseCodec.decode(W3CHttpResponseCodec.java:138)
at org.openqa.selenium.remote.codec.w3c.W3CHttpResponseCodec.decode(W3CHttpResponseCodec.java:50)
at org.openqa.selenium.remote.HttpCommandExecutor.execute(HttpCommandExecutor.java:190)
at org.openqa.selenium.remote.service.DriverCommandExecutor.invokeExecute(DriverCommandExecutor.java:216)
at org.openqa.selenium.remote.service.DriverCommandExecutor.execute(DriverCommandExecutor.java:174)
at org.openqa.selenium.remote.RemoteWebDriver.execute(RemoteWebDriver.java:519)
at org.openqa.selenium.remote.ElementLocation$ElementFinder$2.findElement(ElementLocation.java:165)
at org.openqa.selenium.remote.ElementLocation.findElement(ElementLocation.java:59)
at org.openqa.selenium.remote.RemoteWebDriver.findElement(RemoteWebDriver.java:356)
at org.openqa.selenium.remote.RemoteWebDriver.findElement(RemoteWebDriver.java:350)
at pageObjects.DownloadReports.searchReportsByEventNameForWASingleAuction(DownloadReports.java:341)
at pageObjects.POM_Reports.SponsoraccesstheAllowanceDeliveryReport1(POM_Reports.java:6724)
at testClasses.Test_ReportWashingtonSingleauction.SponsoraccesstheAllowanceDeliveryReportvalidate(Test_ReportWashingtonSingleauction.java:535)
at java.base/java.util.ArrayList.forEach(ArrayList.java:1511)
... Removed 31 stack frames]]>
    </failure>
  </testcase> <!-- SponsoraccesstheAllowanceDeliveryReportvalidate -->
  <testcase classname="testClasses.Test_ReportWashingtonSingleauction" name="SponsorraccesstheAllowanceDeliveryReportvalidate" time="77.888">
    <skipped/>
  </testcase> <!-- SponsorraccesstheAllowanceDeliveryReportvalidate -->
  <testcase classname="testClasses.Test_ReportWashingtonSingleauction" name="SponsorraccesstheAllowanceDeliveryReportvalidate" time="9.188">
    <skipped/>
  </testcase> <!-- SponsorraccesstheAllowanceDeliveryReportvalidate -->
  <testcase classname="testClasses.Test_ReportWashingtonSingleauction" name="SponsorraccesstheAllowanceDeliveryReportvalidate" time="76.73">
    <failure type="org.openqa.selenium.NoSuchElementException" message="no such element: Unable to locate element: {&amp;quot;method&amp;quot;:&amp;quot;xpath&amp;quot;,&amp;quot;selector&amp;quot;:&amp;quot;//*[text()=&amp;apos;R2.4_SingleWSTestEvent_16_04_24&amp;apos;]&amp;quot;}
  (Session info: chrome=123.0.6312.107)
For documentation on this error, please visit: https://www.selenium.dev/documentation/webdriver/troubleshooting/errors#no-such-element-exception
Build info: version: &amp;apos;4.18.1&amp;apos;, revision: &amp;apos;b1d3319b48&amp;apos;
System info: os.name: &amp;apos;Windows 11&amp;apos;, os.arch: &amp;apos;amd64&amp;apos;, os.version: &amp;apos;10.0&amp;apos;, java.version: &amp;apos;17.0.7&amp;apos;
Driver info: org.openqa.selenium.chrome.ChromeDriver
Command: [cfd88e636f0ef57b2306c453f324716a, findElement {using=xpath, value=//*[text()=&amp;apos;R2.4_SingleWSTestEvent_16_04_24&amp;apos;]}]
Capabilities {acceptInsecureCerts: false, browserName: chrome, browserVersion: 123.0.6312.107, chrome: {chromedriverVersion: 123.0.6312.122 (31f8248cdd9..., userDataDir: C:\Users\ROHIDA~1\AppData\L...}, fedcm:accounts: true, goog:chromeOptions: {debuggerAddress: localhost:50843}, networkConnectionEnabled: false, pageLoadStrategy: normal, platformName: windows, proxy: Proxy(), se:cdp: ws://localhost:50843/devtoo..., se:cdpVersion: 123.0.6312.107, setWindowRect: true, strictFileInteractability: false, timeouts: {implicit: 0, pageLoad: 300000, script: 30000}, unhandledPromptBehavior: dismiss and notify, webauthn:extension:credBlob: true, webauthn:extension:largeBlob: true, webauthn:extension:minPinLength: true, webauthn:extension:prf: true, webauthn:virtualAuthenticators: true}
Session ID: cfd88e636f0ef57b2306c453f324716a">
      <![CDATA[org.openqa.selenium.NoSuchElementException: no such element: Unable to locate element: {"method":"xpath","selector":"//*[text()='R2.4_SingleWSTestEvent_16_04_24']"}
  (Session info: chrome=123.0.6312.107)
For documentation on this error, please visit: https://www.selenium.dev/documentation/webdriver/troubleshooting/errors#no-such-element-exception
Build info: version: '4.18.1', revision: 'b1d3319b48'
System info: os.name: 'Windows 11', os.arch: 'amd64', os.version: '10.0', java.version: '17.0.7'
Driver info: org.openqa.selenium.chrome.ChromeDriver
Command: [cfd88e636f0ef57b2306c453f324716a, findElement {using=xpath, value=//*[text()='R2.4_SingleWSTestEvent_16_04_24']}]
Capabilities {acceptInsecureCerts: false, browserName: chrome, browserVersion: 123.0.6312.107, chrome: {chromedriverVersion: 123.0.6312.122 (31f8248cdd9..., userDataDir: C:\Users\ROHIDA~1\AppData\L...}, fedcm:accounts: true, goog:chromeOptions: {debuggerAddress: localhost:50843}, networkConnectionEnabled: false, pageLoadStrategy: normal, platformName: windows, proxy: Proxy(), se:cdp: ws://localhost:50843/devtoo..., se:cdpVersion: 123.0.6312.107, setWindowRect: true, strictFileInteractability: false, timeouts: {implicit: 0, pageLoad: 300000, script: 30000}, unhandledPromptBehavior: dismiss and notify, webauthn:extension:credBlob: true, webauthn:extension:largeBlob: true, webauthn:extension:minPinLength: true, webauthn:extension:prf: true, webauthn:virtualAuthenticators: true}
Session ID: cfd88e636f0ef57b2306c453f324716a
at org.openqa.selenium.remote.ErrorCodec.decode(ErrorCodec.java:167)
at org.openqa.selenium.remote.codec.w3c.W3CHttpResponseCodec.decode(W3CHttpResponseCodec.java:138)
at org.openqa.selenium.remote.codec.w3c.W3CHttpResponseCodec.decode(W3CHttpResponseCodec.java:50)
at org.openqa.selenium.remote.HttpCommandExecutor.execute(HttpCommandExecutor.java:190)
at org.openqa.selenium.remote.service.DriverCommandExecutor.invokeExecute(DriverCommandExecutor.java:216)
at org.openqa.selenium.remote.service.DriverCommandExecutor.execute(DriverCommandExecutor.java:174)
at org.openqa.selenium.remote.RemoteWebDriver.execute(RemoteWebDriver.java:519)
at org.openqa.selenium.remote.ElementLocation$ElementFinder$2.findElement(ElementLocation.java:165)
at org.openqa.selenium.remote.ElementLocation.findElement(ElementLocation.java:59)
at org.openqa.selenium.remote.RemoteWebDriver.findElement(RemoteWebDriver.java:356)
at org.openqa.selenium.remote.RemoteWebDriver.findElement(RemoteWebDriver.java:350)
at pageObjects.DownloadReports.searchReportsByEventNameForWASingleAuction(DownloadReports.java:341)
at pageObjects.POM_Reports.SponsoraccesstheAllowanceDeliveryReport1(POM_Reports.java:6724)
at testClasses.Test_ReportWashingtonSingleauction.SponsorraccesstheAllowanceDeliveryReportvalidate(Test_ReportWashingtonSingleauction.java:547)
at java.base/java.util.ArrayList.forEach(ArrayList.java:1511)
... Removed 31 stack frames]]>
    </failure>
  </testcase> <!-- SponsorraccesstheAllowanceDeliveryReportvalidate -->
</testsuite> <!-- Test1604 -->
